
*** Running vivado
    with args -log processor.vds -m64 -mode batch -messageDb vivado.pb -notrace -source processor.tcl


****** Vivado v2015.4 (64-bit)
  **** SW Build 1412921 on Wed Nov 18 09:44:32 MST 2015
  **** IP Build 1412160 on Tue Nov 17 13:47:24 MST 2015
    ** Copyright 1986-2015 Xilinx, Inc. All Rights Reserved.

source processor.tcl -notrace
WARNING: [Board 49-26] cannot add Board Part digilentinc.com:arty-s7-25:part0:1.0 available at /opt/Xilinx/Vivado/2015.4/data/boards/board_files/arty-s7-25/E.0/board.xml as part xc7s25csga324-1 specified in board_part file is either invalid or not available
WARNING: [Board 49-26] cannot add Board Part digilentinc.com:arty-s7-50:part0:1.0 available at /opt/Xilinx/Vivado/2015.4/data/boards/board_files/arty-s7-50/B.0/board.xml as part xc7s50csga324-1 specified in board_part file is either invalid or not available
Command: synth_design -top processor -part xc7a35tcpg236-1
Starting synth_design
Attempting to get a license for feature 'Synthesis' and/or device 'xc7a35t'
INFO: [Common 17-349] Got license for feature 'Synthesis' and/or device 'xc7a35t'
INFO: [Common 17-1223] The version limit for your license is '2018.08' and will expire in -97 days. A version limit expiration means that, although you may be able to continue to use the current version of tools or IP with this license, you will not be eligible for any updates or new releases.
WARNING: [Synth 8-2292] literal value truncated to fit in 25 bits [/home/ecestudent/ECE2700/processor/processor.srcs/sources_1/new/clockDivider.v:36]
---------------------------------------------------------------------------------
Starting RTL Elaboration : Time (s): cpu = 00:00:04 ; elapsed = 00:00:04 . Memory (MB): peak = 1008.219 ; gain = 179.082 ; free physical = 11423 ; free virtual = 29236
---------------------------------------------------------------------------------
INFO: [Synth 8-638] synthesizing module 'processor' [/home/ecestudent/ECE2700/processor/processor.srcs/sources_1/new/processor.v:23]
INFO: [Synth 8-638] synthesizing module 'clockDivider' [/home/ecestudent/ECE2700/processor/processor.srcs/sources_1/new/clockDivider.v:23]
INFO: [Synth 8-256] done synthesizing module 'clockDivider' (1#1) [/home/ecestudent/ECE2700/processor/processor.srcs/sources_1/new/clockDivider.v:23]
INFO: [Synth 8-638] synthesizing module 'debouncer' [/home/ecestudent/ECE2700/debouncer/debouncer.srcs/sources_1/new/debouncer.v:23]
INFO: [Synth 8-226] default block is never used [/home/ecestudent/ECE2700/debouncer/debouncer.srcs/sources_1/new/debouncer.v:30]
INFO: [Synth 8-256] done synthesizing module 'debouncer' (2#1) [/home/ecestudent/ECE2700/debouncer/debouncer.srcs/sources_1/new/debouncer.v:23]
INFO: [Synth 8-638] synthesizing module 'caseController' [/home/ecestudent/ECE2700/processor/processor.srcs/sources_1/new/caseController.v:23]
INFO: [Synth 8-226] default block is never used [/home/ecestudent/ECE2700/processor/processor.srcs/sources_1/new/caseController.v:34]
INFO: [Synth 8-226] default block is never used [/home/ecestudent/ECE2700/processor/processor.srcs/sources_1/new/caseController.v:45]
INFO: [Synth 8-256] done synthesizing module 'caseController' (3#1) [/home/ecestudent/ECE2700/processor/processor.srcs/sources_1/new/caseController.v:23]
INFO: [Synth 8-638] synthesizing module 'rom' [/home/ecestudent/ECE2700/processor/processor.srcs/sources_1/new/rom.v:23]
INFO: [Synth 8-256] done synthesizing module 'rom' (4#1) [/home/ecestudent/ECE2700/processor/processor.srcs/sources_1/new/rom.v:23]
INFO: [Synth 8-226] default block is never used [/home/ecestudent/ECE2700/processor/processor.srcs/sources_1/new/processor.v:38]
INFO: [Synth 8-256] done synthesizing module 'processor' (5#1) [/home/ecestudent/ECE2700/processor/processor.srcs/sources_1/new/processor.v:23]
---------------------------------------------------------------------------------
Finished RTL Elaboration : Time (s): cpu = 00:00:05 ; elapsed = 00:00:05 . Memory (MB): peak = 1033.477 ; gain = 204.340 ; free physical = 11397 ; free virtual = 29210
---------------------------------------------------------------------------------

Report Check Netlist: 
+------+------------------+-------+---------+-------+------------------+
|      |Item              |Errors |Warnings |Status |Description       |
+------+------------------+-------+---------+-------+------------------+
|1     |multi_driven_nets |      0|        0|Passed |Multi driven nets |
+------+------------------+-------+---------+-------+------------------+
---------------------------------------------------------------------------------
Finished RTL Optimization Phase 1 : Time (s): cpu = 00:00:05 ; elapsed = 00:00:05 . Memory (MB): peak = 1033.477 ; gain = 204.340 ; free physical = 11397 ; free virtual = 29210
---------------------------------------------------------------------------------
INFO: [Device 21-403] Loading part xc7a35tcpg236-1
INFO: [Project 1-570] Preparing netlist for logic optimization

Processing XDC Constraints
Initializing timing engine
Parsing XDC File [/home/ecestudent/ECE2700/Basys3_Master.xdc]
Finished Parsing XDC File [/home/ecestudent/ECE2700/Basys3_Master.xdc]
INFO: [Project 1-236] Implementation specific constraints were found while reading constraint file [/home/ecestudent/ECE2700/Basys3_Master.xdc]. These constraints will be ignored for synthesis but will be used in implementation. Impacted constraints are listed in the file [.Xil/processor_propImpl.xdc].
Resolution: To avoid this warning, move constraints listed in [.Xil/processor_propImpl.xdc] to another XDC file and exclude this new file from synthesis with the used_in_synthesis property (File Properties dialog in GUI) and re-run elaboration/synthesis.
Completed Processing XDC Constraints

INFO: [Project 1-111] Unisim Transformation Summary:
No Unisim elements were transformed.

Constraint Validation Runtime : Time (s): cpu = 00:00:00 ; elapsed = 00:00:00 . Memory (MB): peak = 1412.855 ; gain = 0.000 ; free physical = 11229 ; free virtual = 29042
INFO: Launching helper process for spawning children vivado processes
INFO: Helper process launched with PID 19444 
---------------------------------------------------------------------------------
Finished Constraint Validation : Time (s): cpu = 00:00:10 ; elapsed = 00:00:50 . Memory (MB): peak = 1412.855 ; gain = 583.719 ; free physical = 11224 ; free virtual = 29037
---------------------------------------------------------------------------------
---------------------------------------------------------------------------------
Start Loading Part and Timing Information
---------------------------------------------------------------------------------
Loading part: xc7a35tcpg236-1
---------------------------------------------------------------------------------
Finished Loading Part and Timing Information : Time (s): cpu = 00:00:10 ; elapsed = 00:00:50 . Memory (MB): peak = 1412.855 ; gain = 583.719 ; free physical = 11224 ; free virtual = 29037
---------------------------------------------------------------------------------
---------------------------------------------------------------------------------
Start Applying 'set_property' XDC Constraints
---------------------------------------------------------------------------------
---------------------------------------------------------------------------------
Finished applying 'set_property' XDC Constraints : Time (s): cpu = 00:00:10 ; elapsed = 00:00:50 . Memory (MB): peak = 1412.855 ; gain = 583.719 ; free physical = 11224 ; free virtual = 29037
---------------------------------------------------------------------------------
INFO: [Synth 8-5546] ROM "clkout" won't be mapped to RAM because it is too sparse
INFO: [Synth 8-4471] merging register 'led_reg[3:0]' into 'array_reg[4][3:0]' [/home/ecestudent/ECE2700/processor/processor.srcs/sources_1/new/caseController.v:68]
INFO: [Synth 8-3537] HDL ADVISOR - The operator resource <adder> is shared. To prevent sharing consider applying a KEEP on the inputs of the operator [/home/ecestudent/ECE2700/processor/processor.srcs/sources_1/new/caseController.v:45]
INFO: [Synth 8-5544] ROM "array_reg[0]" won't be mapped to Block RAM because address size (2) smaller than threshold (5)
INFO: [Synth 8-5544] ROM "array_reg[0]" won't be mapped to Block RAM because address size (2) smaller than threshold (5)
INFO: [Synth 8-5544] ROM "array_reg[1]" won't be mapped to Block RAM because address size (2) smaller than threshold (5)
INFO: [Synth 8-5544] ROM "array_reg[1]" won't be mapped to Block RAM because address size (2) smaller than threshold (5)
INFO: [Synth 8-5544] ROM "array_reg[2]" won't be mapped to Block RAM because address size (2) smaller than threshold (5)
INFO: [Synth 8-5544] ROM "array_reg[2]" won't be mapped to Block RAM because address size (2) smaller than threshold (5)
INFO: [Synth 8-5544] ROM "array_reg[3]" won't be mapped to Block RAM because address size (2) smaller than threshold (5)
INFO: [Synth 8-5544] ROM "array_reg[3]" won't be mapped to Block RAM because address size (2) smaller than threshold (5)
INFO: [Synth 8-5544] ROM "mem" won't be mapped to Block RAM because address size (4) smaller than threshold (5)
---------------------------------------------------------------------------------
Finished RTL Optimization Phase 2 : Time (s): cpu = 00:00:10 ; elapsed = 00:00:50 . Memory (MB): peak = 1412.855 ; gain = 583.719 ; free physical = 11212 ; free virtual = 29025
---------------------------------------------------------------------------------

Report RTL Partitions: 
+-+--------------+------------+----------+
| |RTL Partition |Replication |Instances |
+-+--------------+------------+----------+
+-+--------------+------------+----------+
---------------------------------------------------------------------------------
Start RTL Component Statistics 
---------------------------------------------------------------------------------
Detailed RTL Component Info : 
+---Adders : 
	   2 Input     25 Bit       Adders := 2     
	   3 Input      4 Bit       Adders := 2     
	   2 Input      4 Bit       Adders := 1     
+---Registers : 
	               25 Bit    Registers := 2     
	                4 Bit    Registers := 12    
	                2 Bit    Registers := 1     
	                1 Bit    Registers := 3     
+---Muxes : 
	  15 Input      8 Bit        Muxes := 1     
	   4 Input      4 Bit        Muxes := 26    
	   2 Input      4 Bit        Muxes := 3     
	   6 Input      2 Bit        Muxes := 1     
	   2 Input      1 Bit        Muxes := 9     
	   4 Input      1 Bit        Muxes := 1     
	   5 Input      1 Bit        Muxes := 8     
---------------------------------------------------------------------------------
Finished RTL Component Statistics 
---------------------------------------------------------------------------------
---------------------------------------------------------------------------------
Start RTL Hierarchical Component Statistics 
---------------------------------------------------------------------------------
Hierarchical RTL Component report 
Module processor 
Detailed RTL Component Info : 
+---Registers : 
	                4 Bit    Registers := 1     
+---Muxes : 
	   2 Input      4 Bit        Muxes := 1     
Module clockDivider 
Detailed RTL Component Info : 
+---Adders : 
	   2 Input     25 Bit       Adders := 1     
+---Registers : 
	               25 Bit    Registers := 1     
	                1 Bit    Registers := 1     
Module debouncer 
Detailed RTL Component Info : 
+---Registers : 
	                2 Bit    Registers := 1     
	                1 Bit    Registers := 1     
+---Muxes : 
	   6 Input      2 Bit        Muxes := 1     
	   2 Input      1 Bit        Muxes := 1     
	   4 Input      1 Bit        Muxes := 1     
Module caseController 
Detailed RTL Component Info : 
+---Adders : 
	   3 Input      4 Bit       Adders := 1     
+---Registers : 
	                4 Bit    Registers := 5     
+---Muxes : 
	   4 Input      4 Bit        Muxes := 13    
	   5 Input      1 Bit        Muxes := 4     
	   2 Input      1 Bit        Muxes := 4     
Module rom 
Detailed RTL Component Info : 
+---Adders : 
	   2 Input      4 Bit       Adders := 1     
+---Registers : 
	                4 Bit    Registers := 1     
+---Muxes : 
	  15 Input      8 Bit        Muxes := 1     
	   2 Input      4 Bit        Muxes := 2     
---------------------------------------------------------------------------------
Finished RTL Hierarchical Component Statistics
---------------------------------------------------------------------------------
---------------------------------------------------------------------------------
Start Part Resource Summary
---------------------------------------------------------------------------------
Part Resources:
DSPs: 90 (col length:60)
BRAMs: 100 (col length: RAMB18 60 RAMB36 30)
---------------------------------------------------------------------------------
Finished Part Resource Summary
---------------------------------------------------------------------------------
Start Parallel Synthesis Optimization  : Time (s): cpu = 00:00:10 ; elapsed = 00:00:50 . Memory (MB): peak = 1412.855 ; gain = 583.719 ; free physical = 11212 ; free virtual = 29025
---------------------------------------------------------------------------------
Start Cross Boundary Optimization
---------------------------------------------------------------------------------
INFO: [Synth 8-5546] ROM "C/clkout" won't be mapped to RAM because it is too sparse
---------------------------------------------------------------------------------
Finished Cross Boundary Optimization : Time (s): cpu = 00:00:10 ; elapsed = 00:00:50 . Memory (MB): peak = 1412.855 ; gain = 583.719 ; free physical = 11213 ; free virtual = 29026
---------------------------------------------------------------------------------
Finished Parallel Reinference  : Time (s): cpu = 00:00:10 ; elapsed = 00:00:50 . Memory (MB): peak = 1412.855 ; gain = 583.719 ; free physical = 11213 ; free virtual = 29026

Report RTL Partitions: 
+-+--------------+------------+----------+
| |RTL Partition |Replication |Instances |
+-+--------------+------------+----------+
+-+--------------+------------+----------+
---------------------------------------------------------------------------------
Start Area Optimization
---------------------------------------------------------------------------------
INFO: [Synth 8-3333] propagating constant 0 across sequential element (\R/R/array_reg[3][2] )
INFO: [Synth 8-3333] propagating constant 0 across sequential element (\R/R/array_reg[1][2] )
INFO: [Synth 8-3333] propagating constant 0 across sequential element (\R/R/array_reg[2][2] )
INFO: [Synth 8-3333] propagating constant 0 across sequential element (\R/R/array_reg[0][2] )
WARNING: [Synth 8-3332] Sequential element (\R/R/array_reg[1][2] ) is unused and will be removed from module processor.
WARNING: [Synth 8-3332] Sequential element (\R/R/array_reg[0][2] ) is unused and will be removed from module processor.
WARNING: [Synth 8-3332] Sequential element (\R/R/array_reg[2][2] ) is unused and will be removed from module processor.
WARNING: [Synth 8-3332] Sequential element (\R/R/array_reg[3][2] ) is unused and will be removed from module processor.
---------------------------------------------------------------------------------
Finished Area Optimization : Time (s): cpu = 00:00:10 ; elapsed = 00:00:51 . Memory (MB): peak = 1412.855 ; gain = 583.719 ; free physical = 11197 ; free virtual = 29010
---------------------------------------------------------------------------------
Finished Parallel Area Optimization  : Time (s): cpu = 00:00:10 ; elapsed = 00:00:51 . Memory (MB): peak = 1412.855 ; gain = 583.719 ; free physical = 11197 ; free virtual = 29010

Report RTL Partitions: 
+-+--------------+------------+----------+
| |RTL Partition |Replication |Instances |
+-+--------------+------------+----------+
+-+--------------+------------+----------+
---------------------------------------------------------------------------------
Start Timing Optimization
---------------------------------------------------------------------------------
---------------------------------------------------------------------------------
Start Applying XDC Timing Constraints
---------------------------------------------------------------------------------
---------------------------------------------------------------------------------
Finished Applying XDC Timing Constraints : Time (s): cpu = 00:00:16 ; elapsed = 00:00:56 . Memory (MB): peak = 1412.855 ; gain = 583.719 ; free physical = 11155 ; free virtual = 28968
---------------------------------------------------------------------------------
---------------------------------------------------------------------------------
Finished Timing Optimization : Time (s): cpu = 00:00:16 ; elapsed = 00:00:56 . Memory (MB): peak = 1412.855 ; gain = 583.719 ; free physical = 11144 ; free virtual = 28957
---------------------------------------------------------------------------------

Report RTL Partitions: 
+-+--------------+------------+----------+
| |RTL Partition |Replication |Instances |
+-+--------------+------------+----------+
+-+--------------+------------+----------+
---------------------------------------------------------------------------------
Start Technology Mapping
---------------------------------------------------------------------------------
WARNING: [Synth 8-3332] Sequential element (\R/R/array_reg[4][2] ) is unused and will be removed from module processor.
---------------------------------------------------------------------------------
Finished Technology Mapping : Time (s): cpu = 00:00:16 ; elapsed = 00:00:56 . Memory (MB): peak = 1412.855 ; gain = 583.719 ; free physical = 11134 ; free virtual = 28947
---------------------------------------------------------------------------------
Finished Parallel Technology Mapping Optimization  : Time (s): cpu = 00:00:16 ; elapsed = 00:00:56 . Memory (MB): peak = 1412.855 ; gain = 583.719 ; free physical = 11134 ; free virtual = 28947

Report RTL Partitions: 
+-+--------------+------------+----------+
| |RTL Partition |Replication |Instances |
+-+--------------+------------+----------+
+-+--------------+------------+----------+
Finished Parallel Synthesis Optimization  : Time (s): cpu = 00:00:16 ; elapsed = 00:00:56 . Memory (MB): peak = 1412.855 ; gain = 583.719 ; free physical = 11134 ; free virtual = 28947
---------------------------------------------------------------------------------
Start IO Insertion
---------------------------------------------------------------------------------
---------------------------------------------------------------------------------
Start Flattening Before IO Insertion
---------------------------------------------------------------------------------
---------------------------------------------------------------------------------
Finished Flattening Before IO Insertion
---------------------------------------------------------------------------------
---------------------------------------------------------------------------------
Start Final Netlist Cleanup
---------------------------------------------------------------------------------
---------------------------------------------------------------------------------
Finished Final Netlist Cleanup
---------------------------------------------------------------------------------
---------------------------------------------------------------------------------
Finished IO Insertion : Time (s): cpu = 00:00:16 ; elapsed = 00:00:56 . Memory (MB): peak = 1412.855 ; gain = 583.719 ; free physical = 11134 ; free virtual = 28947
---------------------------------------------------------------------------------

Report Check Netlist: 
+------+------------------+-------+---------+-------+------------------+
|      |Item              |Errors |Warnings |Status |Description       |
+------+------------------+-------+---------+-------+------------------+
|1     |multi_driven_nets |      0|        0|Passed |Multi driven nets |
+------+------------------+-------+---------+-------+------------------+
---------------------------------------------------------------------------------
Start Renaming Generated Instances
---------------------------------------------------------------------------------
---------------------------------------------------------------------------------
Finished Renaming Generated Instances : Time (s): cpu = 00:00:16 ; elapsed = 00:00:56 . Memory (MB): peak = 1412.855 ; gain = 583.719 ; free physical = 11134 ; free virtual = 28947
---------------------------------------------------------------------------------

Report RTL Partitions: 
+-+--------------+------------+----------+
| |RTL Partition |Replication |Instances |
+-+--------------+------------+----------+
+-+--------------+------------+----------+
---------------------------------------------------------------------------------
Start Rebuilding User Hierarchy
---------------------------------------------------------------------------------
---------------------------------------------------------------------------------
Finished Rebuilding User Hierarchy : Time (s): cpu = 00:00:16 ; elapsed = 00:00:57 . Memory (MB): peak = 1412.855 ; gain = 583.719 ; free physical = 11134 ; free virtual = 28947
---------------------------------------------------------------------------------
---------------------------------------------------------------------------------
Start Renaming Generated Ports
---------------------------------------------------------------------------------
---------------------------------------------------------------------------------
Finished Renaming Generated Ports : Time (s): cpu = 00:00:16 ; elapsed = 00:00:57 . Memory (MB): peak = 1412.855 ; gain = 583.719 ; free physical = 11134 ; free virtual = 28947
---------------------------------------------------------------------------------
---------------------------------------------------------------------------------
Start Handling Custom Attributes
---------------------------------------------------------------------------------
---------------------------------------------------------------------------------
Finished Handling Custom Attributes : Time (s): cpu = 00:00:16 ; elapsed = 00:00:57 . Memory (MB): peak = 1412.855 ; gain = 583.719 ; free physical = 11134 ; free virtual = 28947
---------------------------------------------------------------------------------
---------------------------------------------------------------------------------
Start Renaming Generated Nets
---------------------------------------------------------------------------------
---------------------------------------------------------------------------------
Finished Renaming Generated Nets : Time (s): cpu = 00:00:16 ; elapsed = 00:00:57 . Memory (MB): peak = 1412.855 ; gain = 583.719 ; free physical = 11134 ; free virtual = 28947
---------------------------------------------------------------------------------
---------------------------------------------------------------------------------
Start Writing Synthesis Report
---------------------------------------------------------------------------------

Report BlackBoxes: 
+-+--------------+----------+
| |BlackBox name |Instances |
+-+--------------+----------+
+-+--------------+----------+

Report Cell Usage: 
+------+-------+------+
|      |Cell   |Count |
+------+-------+------+
|1     |BUFG   |     1|
|2     |CARRY4 |     6|
|3     |LUT1   |    25|
|4     |LUT2   |     4|
|5     |LUT3   |     8|
|6     |LUT4   |    19|
|7     |LUT5   |    18|
|8     |LUT6   |    17|
|9     |FDRE   |    76|
|10    |IBUF   |    11|
|11    |OBUF   |     4|
+------+-------+------+

Report Instance Areas: 
+------+---------+-----------------+------+
|      |Instance |Module           |Cells |
+------+---------+-----------------+------+
|1     |top      |                 |   189|
|2     |  C      |clockDivider     |    66|
|3     |  E      |debouncer        |     9|
|4     |  R      |rom              |    50|
|5     |    R    |caseController_0 |    38|
|6     |  single |caseController   |    44|
+------+---------+-----------------+------+
---------------------------------------------------------------------------------
Finished Writing Synthesis Report : Time (s): cpu = 00:00:16 ; elapsed = 00:00:57 . Memory (MB): peak = 1412.855 ; gain = 583.719 ; free physical = 11134 ; free virtual = 28947
---------------------------------------------------------------------------------
Synthesis finished with 0 errors, 0 critical warnings and 5 warnings.
Synthesis Optimization Runtime : Time (s): cpu = 00:00:13 ; elapsed = 00:00:13 . Memory (MB): peak = 1412.855 ; gain = 106.383 ; free physical = 11134 ; free virtual = 28947
Synthesis Optimization Complete : Time (s): cpu = 00:00:16 ; elapsed = 00:00:57 . Memory (MB): peak = 1412.855 ; gain = 583.719 ; free physical = 11134 ; free virtual = 28947
INFO: [Project 1-571] Translating synthesized netlist
INFO: [Netlist 29-17] Analyzing 17 Unisim elements for replacement
INFO: [Netlist 29-28] Unisim Transformation completed in 0 CPU seconds
INFO: [Project 1-570] Preparing netlist for logic optimization
INFO: [Opt 31-138] Pushed 0 inverter(s) to 0 load pin(s).
INFO: [Project 1-111] Unisim Transformation Summary:
No Unisim elements were transformed.

INFO: [Common 17-83] Releasing license: Synthesis
44 Infos, 8 Warnings, 0 Critical Warnings and 0 Errors encountered.
synth_design completed successfully
synth_design: Time (s): cpu = 00:00:15 ; elapsed = 00:00:55 . Memory (MB): peak = 1412.855 ; gain = 507.344 ; free physical = 11134 ; free virtual = 28947
report_utilization: Time (s): cpu = 00:00:00.02 ; elapsed = 00:00:00.03 . Memory (MB): peak = 1444.875 ; gain = 0.000 ; free physical = 11133 ; free virtual = 28946
INFO: [Common 17-206] Exiting Vivado at Thu Dec  6 07:56:56 2018...
