Copyright 1986-2015 Xilinx, Inc. All Rights Reserved.
-------------------------------------------------------------------------------------------------------------------------------------------------------------------------------
| Tool Version : Vivado v.2015.4 (lin64) Build 1412921 Wed Nov 18 09:44:32 MST 2015
| Date         : Thu Oct 18 09:58:06 2018
| Host         : eceimage.localdomain running 64-bit CentOS Linux release 7.5.1804 (Core)
| Command      : report_timing_summary -warn_on_violation -max_paths 10 -file DoubbleSevenSegment_timing_summary_routed.rpt -rpx DoubbleSevenSegment_timing_summary_routed.rpx
| Design       : DoubbleSevenSegment
| Device       : 7a35t-cpg236
| Speed File   : -1  PRODUCTION 1.14 2014-09-11
-------------------------------------------------------------------------------------------------------------------------------------------------------------------------------

Timing Summary Report

------------------------------------------------------------------------------------------------
| Timer Settings
| --------------
------------------------------------------------------------------------------------------------

  Enable Multi Corner Analysis               :  Yes
  Enable Pessimism Removal                   :  Yes
  Pessimism Removal Resolution               :  Nearest Common Node
  Enable Input Delay Default Clock           :  No
  Enable Preset / Clear Arcs                 :  No
  Disable Flight Delays                      :  No
  Ignore I/O Paths                           :  No
  Timing Early Launch at Borrowing Latches   :  false

  Corner  Analyze    Analyze    
  Name    Max Paths  Min Paths  
  ------  ---------  ---------  
  Slow    Yes        Yes        
  Fast    Yes        Yes        



check_timing report

Table of Contents
-----------------
1. checking no_clock
2. checking constant_clock
3. checking pulse_width_clock
4. checking unconstrained_internal_endpoints
5. checking no_input_delay
6. checking no_output_delay
7. checking multiple_clock
8. checking generated_clocks
9. checking loops
10. checking partial_input_delay
11. checking partial_output_delay
12. checking latch_loops

1. checking no_clock
--------------------
 There are 0 register/latch pins with no clock.


2. checking constant_clock
--------------------------
 There are 0 register/latch pins with constant_clock.


3. checking pulse_width_clock
-----------------------------
 There are 0 register/latch pins which need pulse_width check


4. checking unconstrained_internal_endpoints
--------------------------------------------
 There are 0 pins that are not constrained for maximum delay.

 There are 0 pins that are not constrained for maximum delay due to constant clock.


5. checking no_input_delay
--------------------------
 There are 0 input ports with no input delay specified.

 There are 0 input ports with no input delay but user has a false path constraint.


6. checking no_output_delay
---------------------------
 There are 9 ports with no output delay specified. (HIGH)

 There are 0 ports with no output delay but user has a false path constraint

 There are 0 ports with no output delay but with a timing clock defined on it or propagating through it


7. checking multiple_clock
--------------------------
 There are 0 register/latch pins with multiple clocks.


8. checking generated_clocks
----------------------------
 There are 0 generated clocks that are not connected to a clock source.


9. checking loops
-----------------
 There are 0 combinational loops in the design.


10. checking partial_input_delay
--------------------------------
 There are 0 input ports with partial input delay specified.


11. checking partial_output_delay
---------------------------------
 There are 0 ports with partial output delay specified.


12. checking latch_loops
------------------------
 There are 0 combinational latch loops in the design through latch input



------------------------------------------------------------------------------------------------
| Design Timing Summary
| ---------------------
------------------------------------------------------------------------------------------------

    WNS(ns)      TNS(ns)  TNS Failing Endpoints  TNS Total Endpoints      WHS(ns)      THS(ns)  THS Failing Endpoints  THS Total Endpoints     WPWS(ns)     TPWS(ns)  TPWS Failing Endpoints  TPWS Total Endpoints  
    -------      -------  ---------------------  -------------------      -------      -------  ---------------------  -------------------     --------     --------  ----------------------  --------------------  
      5.281        0.000                      0                   50        0.335        0.000                      0                   50        4.500        0.000                       0                    27  


All user specified timing constraints are met.


------------------------------------------------------------------------------------------------
| Clock Summary
| -------------
------------------------------------------------------------------------------------------------

Clock        Waveform(ns)       Period(ns)      Frequency(MHz)
-----        ------------       ----------      --------------
sys_clk_pin  {0.000 5.000}      10.000          100.000         


------------------------------------------------------------------------------------------------
| Intra Clock Table
| -----------------
------------------------------------------------------------------------------------------------

Clock             WNS(ns)      TNS(ns)  TNS Failing Endpoints  TNS Total Endpoints      WHS(ns)      THS(ns)  THS Failing Endpoints  THS Total Endpoints     WPWS(ns)     TPWS(ns)  TPWS Failing Endpoints  TPWS Total Endpoints  
-----             -------      -------  ---------------------  -------------------      -------      -------  ---------------------  -------------------     --------     --------  ----------------------  --------------------  
sys_clk_pin         5.281        0.000                      0                   50        0.335        0.000                      0                   50        4.500        0.000                       0                    27  


------------------------------------------------------------------------------------------------
| Inter Clock Table
| -----------------
------------------------------------------------------------------------------------------------

From Clock    To Clock          WNS(ns)      TNS(ns)  TNS Failing Endpoints  TNS Total Endpoints      WHS(ns)      THS(ns)  THS Failing Endpoints  THS Total Endpoints  
----------    --------          -------      -------  ---------------------  -------------------      -------      -------  ---------------------  -------------------  


------------------------------------------------------------------------------------------------
| Other Path Groups Table
| -----------------------
------------------------------------------------------------------------------------------------

Path Group    From Clock    To Clock          WNS(ns)      TNS(ns)  TNS Failing Endpoints  TNS Total Endpoints      WHS(ns)      THS(ns)  THS Failing Endpoints  THS Total Endpoints  
----------    ----------    --------          -------      -------  ---------------------  -------------------      -------      -------  ---------------------  -------------------  


------------------------------------------------------------------------------------------------
| Timing Details
| --------------
------------------------------------------------------------------------------------------------


---------------------------------------------------------------------------------------------------
From Clock:  sys_clk_pin
  To Clock:  sys_clk_pin

Setup :            0  Failing Endpoints,  Worst Slack        5.281ns,  Total Violation        0.000ns
Hold  :            0  Failing Endpoints,  Worst Slack        0.335ns,  Total Violation        0.000ns
PW    :            0  Failing Endpoints,  Worst Slack        4.500ns,  Total Violation        0.000ns
---------------------------------------------------------------------------------------------------


Max Delay Paths
--------------------------------------------------------------------------------------
Slack (MET) :             5.281ns  (required time - arrival time)
  Source:                 cd/count_reg[24]/C
                            (rising edge-triggered cell FDRE clocked by sys_clk_pin  {rise@0.000ns fall@5.000ns period=10.000ns})
  Destination:            cd/count_reg[21]/R
                            (rising edge-triggered cell FDRE clocked by sys_clk_pin  {rise@0.000ns fall@5.000ns period=10.000ns})
  Path Group:             sys_clk_pin
  Path Type:              Setup (Max at Slow Process Corner)
  Requirement:            10.000ns  (sys_clk_pin rise@10.000ns - sys_clk_pin rise@0.000ns)
  Data Path Delay:        4.254ns  (logic 0.828ns (19.463%)  route 3.426ns (80.537%))
  Logic Levels:           3  (LUT2=1 LUT4=1 LUT6=1)
  Clock Path Skew:        0.000ns (DCD - SCD + CPR)
    Destination Clock Delay (DCD):    4.850ns = ( 14.850 - 10.000 ) 
    Source Clock Delay      (SCD):    5.148ns
    Clock Pessimism Removal (CPR):    0.298ns
  Clock Uncertainty:      0.035ns  ((TSJ^2 + TIJ^2)^1/2 + DJ) / 2 + PE
    Total System Jitter     (TSJ):    0.071ns
    Total Input Jitter      (TIJ):    0.000ns
    Discrete Jitter          (DJ):    0.000ns
    Phase Error              (PE):    0.000ns

    Location             Delay type                Incr(ns)  Path(ns)    Netlist Resource(s)
  -------------------------------------------------------------------    -------------------
                         (clock sys_clk_pin rise edge)
                                                      0.000     0.000 r  
    W5                                                0.000     0.000 r  clk (IN)
                         net (fo=0)                   0.000     0.000    clk
    W5                   IBUF (Prop_ibuf_I_O)         1.458     1.458 r  clk_IBUF_inst/O
                         net (fo=1, routed)           1.967     3.425    clk_IBUF
    BUFGCTRL_X0Y0        BUFG (Prop_bufg_I_O)         0.096     3.521 r  clk_IBUF_BUFG_inst/O
                         net (fo=26, routed)          1.627     5.148    cd/clk_IBUF_BUFG
    SLICE_X62Y31         FDRE                                         r  cd/count_reg[24]/C
  -------------------------------------------------------------------    -------------------
    SLICE_X62Y31         FDRE (Prop_fdre_C_Q)         0.456     5.604 f  cd/count_reg[24]/Q
                         net (fo=2, routed)           0.680     6.284    cd/count[24]
    SLICE_X63Y31         LUT4 (Prop_lut4_I2_O)        0.124     6.408 f  cd/count[0]_i_4/O
                         net (fo=1, routed)           1.160     7.568    cd/count[0]_i_4_n_0
    SLICE_X63Y28         LUT6 (Prop_lut6_I1_O)        0.124     7.692 f  cd/count[0]_i_2/O
                         net (fo=3, routed)           0.419     8.111    cd/count[0]_i_2_n_0
    SLICE_X63Y26         LUT2 (Prop_lut2_I1_O)        0.124     8.235 r  cd/count[24]_i_1/O
                         net (fo=24, routed)          1.168     9.402    cd/clkout
    SLICE_X62Y31         FDRE                                         r  cd/count_reg[21]/R
  -------------------------------------------------------------------    -------------------

                         (clock sys_clk_pin rise edge)
                                                     10.000    10.000 r  
    W5                                                0.000    10.000 r  clk (IN)
                         net (fo=0)                   0.000    10.000    clk
    W5                   IBUF (Prop_ibuf_I_O)         1.388    11.388 r  clk_IBUF_inst/O
                         net (fo=1, routed)           1.862    13.250    clk_IBUF
    BUFGCTRL_X0Y0        BUFG (Prop_bufg_I_O)         0.091    13.341 r  clk_IBUF_BUFG_inst/O
                         net (fo=26, routed)          1.509    14.850    cd/clk_IBUF_BUFG
    SLICE_X62Y31         FDRE                                         r  cd/count_reg[21]/C
                         clock pessimism              0.298    15.148    
                         clock uncertainty           -0.035    15.113    
    SLICE_X62Y31         FDRE (Setup_fdre_C_R)       -0.429    14.684    cd/count_reg[21]
  -------------------------------------------------------------------
                         required time                         14.684    
                         arrival time                          -9.402    
  -------------------------------------------------------------------
                         slack                                  5.281    

Slack (MET) :             5.281ns  (required time - arrival time)
  Source:                 cd/count_reg[24]/C
                            (rising edge-triggered cell FDRE clocked by sys_clk_pin  {rise@0.000ns fall@5.000ns period=10.000ns})
  Destination:            cd/count_reg[22]/R
                            (rising edge-triggered cell FDRE clocked by sys_clk_pin  {rise@0.000ns fall@5.000ns period=10.000ns})
  Path Group:             sys_clk_pin
  Path Type:              Setup (Max at Slow Process Corner)
  Requirement:            10.000ns  (sys_clk_pin rise@10.000ns - sys_clk_pin rise@0.000ns)
  Data Path Delay:        4.254ns  (logic 0.828ns (19.463%)  route 3.426ns (80.537%))
  Logic Levels:           3  (LUT2=1 LUT4=1 LUT6=1)
  Clock Path Skew:        0.000ns (DCD - SCD + CPR)
    Destination Clock Delay (DCD):    4.850ns = ( 14.850 - 10.000 ) 
    Source Clock Delay      (SCD):    5.148ns
    Clock Pessimism Removal (CPR):    0.298ns
  Clock Uncertainty:      0.035ns  ((TSJ^2 + TIJ^2)^1/2 + DJ) / 2 + PE
    Total System Jitter     (TSJ):    0.071ns
    Total Input Jitter      (TIJ):    0.000ns
    Discrete Jitter          (DJ):    0.000ns
    Phase Error              (PE):    0.000ns

    Location             Delay type                Incr(ns)  Path(ns)    Netlist Resource(s)
  -------------------------------------------------------------------    -------------------
                         (clock sys_clk_pin rise edge)
                                                      0.000     0.000 r  
    W5                                                0.000     0.000 r  clk (IN)
                         net (fo=0)                   0.000     0.000    clk
    W5                   IBUF (Prop_ibuf_I_O)         1.458     1.458 r  clk_IBUF_inst/O
                         net (fo=1, routed)           1.967     3.425    clk_IBUF
    BUFGCTRL_X0Y0        BUFG (Prop_bufg_I_O)         0.096     3.521 r  clk_IBUF_BUFG_inst/O
                         net (fo=26, routed)          1.627     5.148    cd/clk_IBUF_BUFG
    SLICE_X62Y31         FDRE                                         r  cd/count_reg[24]/C
  -------------------------------------------------------------------    -------------------
    SLICE_X62Y31         FDRE (Prop_fdre_C_Q)         0.456     5.604 f  cd/count_reg[24]/Q
                         net (fo=2, routed)           0.680     6.284    cd/count[24]
    SLICE_X63Y31         LUT4 (Prop_lut4_I2_O)        0.124     6.408 f  cd/count[0]_i_4/O
                         net (fo=1, routed)           1.160     7.568    cd/count[0]_i_4_n_0
    SLICE_X63Y28         LUT6 (Prop_lut6_I1_O)        0.124     7.692 f  cd/count[0]_i_2/O
                         net (fo=3, routed)           0.419     8.111    cd/count[0]_i_2_n_0
    SLICE_X63Y26         LUT2 (Prop_lut2_I1_O)        0.124     8.235 r  cd/count[24]_i_1/O
                         net (fo=24, routed)          1.168     9.402    cd/clkout
    SLICE_X62Y31         FDRE                                         r  cd/count_reg[22]/R
  -------------------------------------------------------------------    -------------------

                         (clock sys_clk_pin rise edge)
                                                     10.000    10.000 r  
    W5                                                0.000    10.000 r  clk (IN)
                         net (fo=0)                   0.000    10.000    clk
    W5                   IBUF (Prop_ibuf_I_O)         1.388    11.388 r  clk_IBUF_inst/O
                         net (fo=1, routed)           1.862    13.250    clk_IBUF
    BUFGCTRL_X0Y0        BUFG (Prop_bufg_I_O)         0.091    13.341 r  clk_IBUF_BUFG_inst/O
                         net (fo=26, routed)          1.509    14.850    cd/clk_IBUF_BUFG
    SLICE_X62Y31         FDRE                                         r  cd/count_reg[22]/C
                         clock pessimism              0.298    15.148    
                         clock uncertainty           -0.035    15.113    
    SLICE_X62Y31         FDRE (Setup_fdre_C_R)       -0.429    14.684    cd/count_reg[22]
  -------------------------------------------------------------------
                         required time                         14.684    
                         arrival time                          -9.402    
  -------------------------------------------------------------------
                         slack                                  5.281    

Slack (MET) :             5.281ns  (required time - arrival time)
  Source:                 cd/count_reg[24]/C
                            (rising edge-triggered cell FDRE clocked by sys_clk_pin  {rise@0.000ns fall@5.000ns period=10.000ns})
  Destination:            cd/count_reg[23]/R
                            (rising edge-triggered cell FDRE clocked by sys_clk_pin  {rise@0.000ns fall@5.000ns period=10.000ns})
  Path Group:             sys_clk_pin
  Path Type:              Setup (Max at Slow Process Corner)
  Requirement:            10.000ns  (sys_clk_pin rise@10.000ns - sys_clk_pin rise@0.000ns)
  Data Path Delay:        4.254ns  (logic 0.828ns (19.463%)  route 3.426ns (80.537%))
  Logic Levels:           3  (LUT2=1 LUT4=1 LUT6=1)
  Clock Path Skew:        0.000ns (DCD - SCD + CPR)
    Destination Clock Delay (DCD):    4.850ns = ( 14.850 - 10.000 ) 
    Source Clock Delay      (SCD):    5.148ns
    Clock Pessimism Removal (CPR):    0.298ns
  Clock Uncertainty:      0.035ns  ((TSJ^2 + TIJ^2)^1/2 + DJ) / 2 + PE
    Total System Jitter     (TSJ):    0.071ns
    Total Input Jitter      (TIJ):    0.000ns
    Discrete Jitter          (DJ):    0.000ns
    Phase Error              (PE):    0.000ns

    Location             Delay type                Incr(ns)  Path(ns)    Netlist Resource(s)
  -------------------------------------------------------------------    -------------------
                         (clock sys_clk_pin rise edge)
                                                      0.000     0.000 r  
    W5                                                0.000     0.000 r  clk (IN)
                         net (fo=0)                   0.000     0.000    clk
    W5                   IBUF (Prop_ibuf_I_O)         1.458     1.458 r  clk_IBUF_inst/O
                         net (fo=1, routed)           1.967     3.425    clk_IBUF
    BUFGCTRL_X0Y0        BUFG (Prop_bufg_I_O)         0.096     3.521 r  clk_IBUF_BUFG_inst/O
                         net (fo=26, routed)          1.627     5.148    cd/clk_IBUF_BUFG
    SLICE_X62Y31         FDRE                                         r  cd/count_reg[24]/C
  -------------------------------------------------------------------    -------------------
    SLICE_X62Y31         FDRE (Prop_fdre_C_Q)         0.456     5.604 f  cd/count_reg[24]/Q
                         net (fo=2, routed)           0.680     6.284    cd/count[24]
    SLICE_X63Y31         LUT4 (Prop_lut4_I2_O)        0.124     6.408 f  cd/count[0]_i_4/O
                         net (fo=1, routed)           1.160     7.568    cd/count[0]_i_4_n_0
    SLICE_X63Y28         LUT6 (Prop_lut6_I1_O)        0.124     7.692 f  cd/count[0]_i_2/O
                         net (fo=3, routed)           0.419     8.111    cd/count[0]_i_2_n_0
    SLICE_X63Y26         LUT2 (Prop_lut2_I1_O)        0.124     8.235 r  cd/count[24]_i_1/O
                         net (fo=24, routed)          1.168     9.402    cd/clkout
    SLICE_X62Y31         FDRE                                         r  cd/count_reg[23]/R
  -------------------------------------------------------------------    -------------------

                         (clock sys_clk_pin rise edge)
                                                     10.000    10.000 r  
    W5                                                0.000    10.000 r  clk (IN)
                         net (fo=0)                   0.000    10.000    clk
    W5                   IBUF (Prop_ibuf_I_O)         1.388    11.388 r  clk_IBUF_inst/O
                         net (fo=1, routed)           1.862    13.250    clk_IBUF
    BUFGCTRL_X0Y0        BUFG (Prop_bufg_I_O)         0.091    13.341 r  clk_IBUF_BUFG_inst/O
                         net (fo=26, routed)          1.509    14.850    cd/clk_IBUF_BUFG
    SLICE_X62Y31         FDRE                                         r  cd/count_reg[23]/C
                         clock pessimism              0.298    15.148    
                         clock uncertainty           -0.035    15.113    
    SLICE_X62Y31         FDRE (Setup_fdre_C_R)       -0.429    14.684    cd/count_reg[23]
  -------------------------------------------------------------------
                         required time                         14.684    
                         arrival time                          -9.402    
  -------------------------------------------------------------------
                         slack                                  5.281    

Slack (MET) :             5.281ns  (required time - arrival time)
  Source:                 cd/count_reg[24]/C
                            (rising edge-triggered cell FDRE clocked by sys_clk_pin  {rise@0.000ns fall@5.000ns period=10.000ns})
  Destination:            cd/count_reg[24]/R
                            (rising edge-triggered cell FDRE clocked by sys_clk_pin  {rise@0.000ns fall@5.000ns period=10.000ns})
  Path Group:             sys_clk_pin
  Path Type:              Setup (Max at Slow Process Corner)
  Requirement:            10.000ns  (sys_clk_pin rise@10.000ns - sys_clk_pin rise@0.000ns)
  Data Path Delay:        4.254ns  (logic 0.828ns (19.463%)  route 3.426ns (80.537%))
  Logic Levels:           3  (LUT2=1 LUT4=1 LUT6=1)
  Clock Path Skew:        0.000ns (DCD - SCD + CPR)
    Destination Clock Delay (DCD):    4.850ns = ( 14.850 - 10.000 ) 
    Source Clock Delay      (SCD):    5.148ns
    Clock Pessimism Removal (CPR):    0.298ns
  Clock Uncertainty:      0.035ns  ((TSJ^2 + TIJ^2)^1/2 + DJ) / 2 + PE
    Total System Jitter     (TSJ):    0.071ns
    Total Input Jitter      (TIJ):    0.000ns
    Discrete Jitter          (DJ):    0.000ns
    Phase Error              (PE):    0.000ns

    Location             Delay type                Incr(ns)  Path(ns)    Netlist Resource(s)
  -------------------------------------------------------------------    -------------------
                         (clock sys_clk_pin rise edge)
                                                      0.000     0.000 r  
    W5                                                0.000     0.000 r  clk (IN)
                         net (fo=0)                   0.000     0.000    clk
    W5                   IBUF (Prop_ibuf_I_O)         1.458     1.458 r  clk_IBUF_inst/O
                         net (fo=1, routed)           1.967     3.425    clk_IBUF
    BUFGCTRL_X0Y0        BUFG (Prop_bufg_I_O)         0.096     3.521 r  clk_IBUF_BUFG_inst/O
                         net (fo=26, routed)          1.627     5.148    cd/clk_IBUF_BUFG
    SLICE_X62Y31         FDRE                                         r  cd/count_reg[24]/C
  -------------------------------------------------------------------    -------------------
    SLICE_X62Y31         FDRE (Prop_fdre_C_Q)         0.456     5.604 f  cd/count_reg[24]/Q
                         net (fo=2, routed)           0.680     6.284    cd/count[24]
    SLICE_X63Y31         LUT4 (Prop_lut4_I2_O)        0.124     6.408 f  cd/count[0]_i_4/O
                         net (fo=1, routed)           1.160     7.568    cd/count[0]_i_4_n_0
    SLICE_X63Y28         LUT6 (Prop_lut6_I1_O)        0.124     7.692 f  cd/count[0]_i_2/O
                         net (fo=3, routed)           0.419     8.111    cd/count[0]_i_2_n_0
    SLICE_X63Y26         LUT2 (Prop_lut2_I1_O)        0.124     8.235 r  cd/count[24]_i_1/O
                         net (fo=24, routed)          1.168     9.402    cd/clkout
    SLICE_X62Y31         FDRE                                         r  cd/count_reg[24]/R
  -------------------------------------------------------------------    -------------------

                         (clock sys_clk_pin rise edge)
                                                     10.000    10.000 r  
    W5                                                0.000    10.000 r  clk (IN)
                         net (fo=0)                   0.000    10.000    clk
    W5                   IBUF (Prop_ibuf_I_O)         1.388    11.388 r  clk_IBUF_inst/O
                         net (fo=1, routed)           1.862    13.250    clk_IBUF
    BUFGCTRL_X0Y0        BUFG (Prop_bufg_I_O)         0.091    13.341 r  clk_IBUF_BUFG_inst/O
                         net (fo=26, routed)          1.509    14.850    cd/clk_IBUF_BUFG
    SLICE_X62Y31         FDRE                                         r  cd/count_reg[24]/C
                         clock pessimism              0.298    15.148    
                         clock uncertainty           -0.035    15.113    
    SLICE_X62Y31         FDRE (Setup_fdre_C_R)       -0.429    14.684    cd/count_reg[24]
  -------------------------------------------------------------------
                         required time                         14.684    
                         arrival time                          -9.402    
  -------------------------------------------------------------------
                         slack                                  5.281    

Slack (MET) :             5.395ns  (required time - arrival time)
  Source:                 cd/count_reg[24]/C
                            (rising edge-triggered cell FDRE clocked by sys_clk_pin  {rise@0.000ns fall@5.000ns period=10.000ns})
  Destination:            cd/count_reg[17]/R
                            (rising edge-triggered cell FDRE clocked by sys_clk_pin  {rise@0.000ns fall@5.000ns period=10.000ns})
  Path Group:             sys_clk_pin
  Path Type:              Setup (Max at Slow Process Corner)
  Requirement:            10.000ns  (sys_clk_pin rise@10.000ns - sys_clk_pin rise@0.000ns)
  Data Path Delay:        4.116ns  (logic 0.828ns (20.118%)  route 3.288ns (79.882%))
  Logic Levels:           3  (LUT2=1 LUT4=1 LUT6=1)
  Clock Path Skew:        -0.025ns (DCD - SCD + CPR)
    Destination Clock Delay (DCD):    4.849ns = ( 14.849 - 10.000 ) 
    Source Clock Delay      (SCD):    5.148ns
    Clock Pessimism Removal (CPR):    0.274ns
  Clock Uncertainty:      0.035ns  ((TSJ^2 + TIJ^2)^1/2 + DJ) / 2 + PE
    Total System Jitter     (TSJ):    0.071ns
    Total Input Jitter      (TIJ):    0.000ns
    Discrete Jitter          (DJ):    0.000ns
    Phase Error              (PE):    0.000ns

    Location             Delay type                Incr(ns)  Path(ns)    Netlist Resource(s)
  -------------------------------------------------------------------    -------------------
                         (clock sys_clk_pin rise edge)
                                                      0.000     0.000 r  
    W5                                                0.000     0.000 r  clk (IN)
                         net (fo=0)                   0.000     0.000    clk
    W5                   IBUF (Prop_ibuf_I_O)         1.458     1.458 r  clk_IBUF_inst/O
                         net (fo=1, routed)           1.967     3.425    clk_IBUF
    BUFGCTRL_X0Y0        BUFG (Prop_bufg_I_O)         0.096     3.521 r  clk_IBUF_BUFG_inst/O
                         net (fo=26, routed)          1.627     5.148    cd/clk_IBUF_BUFG
    SLICE_X62Y31         FDRE                                         r  cd/count_reg[24]/C
  -------------------------------------------------------------------    -------------------
    SLICE_X62Y31         FDRE (Prop_fdre_C_Q)         0.456     5.604 f  cd/count_reg[24]/Q
                         net (fo=2, routed)           0.680     6.284    cd/count[24]
    SLICE_X63Y31         LUT4 (Prop_lut4_I2_O)        0.124     6.408 f  cd/count[0]_i_4/O
                         net (fo=1, routed)           1.160     7.568    cd/count[0]_i_4_n_0
    SLICE_X63Y28         LUT6 (Prop_lut6_I1_O)        0.124     7.692 f  cd/count[0]_i_2/O
                         net (fo=3, routed)           0.419     8.111    cd/count[0]_i_2_n_0
    SLICE_X63Y26         LUT2 (Prop_lut2_I1_O)        0.124     8.235 r  cd/count[24]_i_1/O
                         net (fo=24, routed)          1.029     9.264    cd/clkout
    SLICE_X62Y30         FDRE                                         r  cd/count_reg[17]/R
  -------------------------------------------------------------------    -------------------

                         (clock sys_clk_pin rise edge)
                                                     10.000    10.000 r  
    W5                                                0.000    10.000 r  clk (IN)
                         net (fo=0)                   0.000    10.000    clk
    W5                   IBUF (Prop_ibuf_I_O)         1.388    11.388 r  clk_IBUF_inst/O
                         net (fo=1, routed)           1.862    13.250    clk_IBUF
    BUFGCTRL_X0Y0        BUFG (Prop_bufg_I_O)         0.091    13.341 r  clk_IBUF_BUFG_inst/O
                         net (fo=26, routed)          1.508    14.849    cd/clk_IBUF_BUFG
    SLICE_X62Y30         FDRE                                         r  cd/count_reg[17]/C
                         clock pessimism              0.274    15.123    
                         clock uncertainty           -0.035    15.088    
    SLICE_X62Y30         FDRE (Setup_fdre_C_R)       -0.429    14.659    cd/count_reg[17]
  -------------------------------------------------------------------
                         required time                         14.659    
                         arrival time                          -9.264    
  -------------------------------------------------------------------
                         slack                                  5.395    

Slack (MET) :             5.395ns  (required time - arrival time)
  Source:                 cd/count_reg[24]/C
                            (rising edge-triggered cell FDRE clocked by sys_clk_pin  {rise@0.000ns fall@5.000ns period=10.000ns})
  Destination:            cd/count_reg[18]/R
                            (rising edge-triggered cell FDRE clocked by sys_clk_pin  {rise@0.000ns fall@5.000ns period=10.000ns})
  Path Group:             sys_clk_pin
  Path Type:              Setup (Max at Slow Process Corner)
  Requirement:            10.000ns  (sys_clk_pin rise@10.000ns - sys_clk_pin rise@0.000ns)
  Data Path Delay:        4.116ns  (logic 0.828ns (20.118%)  route 3.288ns (79.882%))
  Logic Levels:           3  (LUT2=1 LUT4=1 LUT6=1)
  Clock Path Skew:        -0.025ns (DCD - SCD + CPR)
    Destination Clock Delay (DCD):    4.849ns = ( 14.849 - 10.000 ) 
    Source Clock Delay      (SCD):    5.148ns
    Clock Pessimism Removal (CPR):    0.274ns
  Clock Uncertainty:      0.035ns  ((TSJ^2 + TIJ^2)^1/2 + DJ) / 2 + PE
    Total System Jitter     (TSJ):    0.071ns
    Total Input Jitter      (TIJ):    0.000ns
    Discrete Jitter          (DJ):    0.000ns
    Phase Error              (PE):    0.000ns

    Location             Delay type                Incr(ns)  Path(ns)    Netlist Resource(s)
  -------------------------------------------------------------------    -------------------
                         (clock sys_clk_pin rise edge)
                                                      0.000     0.000 r  
    W5                                                0.000     0.000 r  clk (IN)
                         net (fo=0)                   0.000     0.000    clk
    W5                   IBUF (Prop_ibuf_I_O)         1.458     1.458 r  clk_IBUF_inst/O
                         net (fo=1, routed)           1.967     3.425    clk_IBUF
    BUFGCTRL_X0Y0        BUFG (Prop_bufg_I_O)         0.096     3.521 r  clk_IBUF_BUFG_inst/O
                         net (fo=26, routed)          1.627     5.148    cd/clk_IBUF_BUFG
    SLICE_X62Y31         FDRE                                         r  cd/count_reg[24]/C
  -------------------------------------------------------------------    -------------------
    SLICE_X62Y31         FDRE (Prop_fdre_C_Q)         0.456     5.604 f  cd/count_reg[24]/Q
                         net (fo=2, routed)           0.680     6.284    cd/count[24]
    SLICE_X63Y31         LUT4 (Prop_lut4_I2_O)        0.124     6.408 f  cd/count[0]_i_4/O
                         net (fo=1, routed)           1.160     7.568    cd/count[0]_i_4_n_0
    SLICE_X63Y28         LUT6 (Prop_lut6_I1_O)        0.124     7.692 f  cd/count[0]_i_2/O
                         net (fo=3, routed)           0.419     8.111    cd/count[0]_i_2_n_0
    SLICE_X63Y26         LUT2 (Prop_lut2_I1_O)        0.124     8.235 r  cd/count[24]_i_1/O
                         net (fo=24, routed)          1.029     9.264    cd/clkout
    SLICE_X62Y30         FDRE                                         r  cd/count_reg[18]/R
  -------------------------------------------------------------------    -------------------

                         (clock sys_clk_pin rise edge)
                                                     10.000    10.000 r  
    W5                                                0.000    10.000 r  clk (IN)
                         net (fo=0)                   0.000    10.000    clk
    W5                   IBUF (Prop_ibuf_I_O)         1.388    11.388 r  clk_IBUF_inst/O
                         net (fo=1, routed)           1.862    13.250    clk_IBUF
    BUFGCTRL_X0Y0        BUFG (Prop_bufg_I_O)         0.091    13.341 r  clk_IBUF_BUFG_inst/O
                         net (fo=26, routed)          1.508    14.849    cd/clk_IBUF_BUFG
    SLICE_X62Y30         FDRE                                         r  cd/count_reg[18]/C
                         clock pessimism              0.274    15.123    
                         clock uncertainty           -0.035    15.088    
    SLICE_X62Y30         FDRE (Setup_fdre_C_R)       -0.429    14.659    cd/count_reg[18]
  -------------------------------------------------------------------
                         required time                         14.659    
                         arrival time                          -9.264    
  -------------------------------------------------------------------
                         slack                                  5.395    

Slack (MET) :             5.395ns  (required time - arrival time)
  Source:                 cd/count_reg[24]/C
                            (rising edge-triggered cell FDRE clocked by sys_clk_pin  {rise@0.000ns fall@5.000ns period=10.000ns})
  Destination:            cd/count_reg[19]/R
                            (rising edge-triggered cell FDRE clocked by sys_clk_pin  {rise@0.000ns fall@5.000ns period=10.000ns})
  Path Group:             sys_clk_pin
  Path Type:              Setup (Max at Slow Process Corner)
  Requirement:            10.000ns  (sys_clk_pin rise@10.000ns - sys_clk_pin rise@0.000ns)
  Data Path Delay:        4.116ns  (logic 0.828ns (20.118%)  route 3.288ns (79.882%))
  Logic Levels:           3  (LUT2=1 LUT4=1 LUT6=1)
  Clock Path Skew:        -0.025ns (DCD - SCD + CPR)
    Destination Clock Delay (DCD):    4.849ns = ( 14.849 - 10.000 ) 
    Source Clock Delay      (SCD):    5.148ns
    Clock Pessimism Removal (CPR):    0.274ns
  Clock Uncertainty:      0.035ns  ((TSJ^2 + TIJ^2)^1/2 + DJ) / 2 + PE
    Total System Jitter     (TSJ):    0.071ns
    Total Input Jitter      (TIJ):    0.000ns
    Discrete Jitter          (DJ):    0.000ns
    Phase Error              (PE):    0.000ns

    Location             Delay type                Incr(ns)  Path(ns)    Netlist Resource(s)
  -------------------------------------------------------------------    -------------------
                         (clock sys_clk_pin rise edge)
                                                      0.000     0.000 r  
    W5                                                0.000     0.000 r  clk (IN)
                         net (fo=0)                   0.000     0.000    clk
    W5                   IBUF (Prop_ibuf_I_O)         1.458     1.458 r  clk_IBUF_inst/O
                         net (fo=1, routed)           1.967     3.425    clk_IBUF
    BUFGCTRL_X0Y0        BUFG (Prop_bufg_I_O)         0.096     3.521 r  clk_IBUF_BUFG_inst/O
                         net (fo=26, routed)          1.627     5.148    cd/clk_IBUF_BUFG
    SLICE_X62Y31         FDRE                                         r  cd/count_reg[24]/C
  -------------------------------------------------------------------    -------------------
    SLICE_X62Y31         FDRE (Prop_fdre_C_Q)         0.456     5.604 f  cd/count_reg[24]/Q
                         net (fo=2, routed)           0.680     6.284    cd/count[24]
    SLICE_X63Y31         LUT4 (Prop_lut4_I2_O)        0.124     6.408 f  cd/count[0]_i_4/O
                         net (fo=1, routed)           1.160     7.568    cd/count[0]_i_4_n_0
    SLICE_X63Y28         LUT6 (Prop_lut6_I1_O)        0.124     7.692 f  cd/count[0]_i_2/O
                         net (fo=3, routed)           0.419     8.111    cd/count[0]_i_2_n_0
    SLICE_X63Y26         LUT2 (Prop_lut2_I1_O)        0.124     8.235 r  cd/count[24]_i_1/O
                         net (fo=24, routed)          1.029     9.264    cd/clkout
    SLICE_X62Y30         FDRE                                         r  cd/count_reg[19]/R
  -------------------------------------------------------------------    -------------------

                         (clock sys_clk_pin rise edge)
                                                     10.000    10.000 r  
    W5                                                0.000    10.000 r  clk (IN)
                         net (fo=0)                   0.000    10.000    clk
    W5                   IBUF (Prop_ibuf_I_O)         1.388    11.388 r  clk_IBUF_inst/O
                         net (fo=1, routed)           1.862    13.250    clk_IBUF
    BUFGCTRL_X0Y0        BUFG (Prop_bufg_I_O)         0.091    13.341 r  clk_IBUF_BUFG_inst/O
                         net (fo=26, routed)          1.508    14.849    cd/clk_IBUF_BUFG
    SLICE_X62Y30         FDRE                                         r  cd/count_reg[19]/C
                         clock pessimism              0.274    15.123    
                         clock uncertainty           -0.035    15.088    
    SLICE_X62Y30         FDRE (Setup_fdre_C_R)       -0.429    14.659    cd/count_reg[19]
  -------------------------------------------------------------------
                         required time                         14.659    
                         arrival time                          -9.264    
  -------------------------------------------------------------------
                         slack                                  5.395    

Slack (MET) :             5.395ns  (required time - arrival time)
  Source:                 cd/count_reg[24]/C
                            (rising edge-triggered cell FDRE clocked by sys_clk_pin  {rise@0.000ns fall@5.000ns period=10.000ns})
  Destination:            cd/count_reg[20]/R
                            (rising edge-triggered cell FDRE clocked by sys_clk_pin  {rise@0.000ns fall@5.000ns period=10.000ns})
  Path Group:             sys_clk_pin
  Path Type:              Setup (Max at Slow Process Corner)
  Requirement:            10.000ns  (sys_clk_pin rise@10.000ns - sys_clk_pin rise@0.000ns)
  Data Path Delay:        4.116ns  (logic 0.828ns (20.118%)  route 3.288ns (79.882%))
  Logic Levels:           3  (LUT2=1 LUT4=1 LUT6=1)
  Clock Path Skew:        -0.025ns (DCD - SCD + CPR)
    Destination Clock Delay (DCD):    4.849ns = ( 14.849 - 10.000 ) 
    Source Clock Delay      (SCD):    5.148ns
    Clock Pessimism Removal (CPR):    0.274ns
  Clock Uncertainty:      0.035ns  ((TSJ^2 + TIJ^2)^1/2 + DJ) / 2 + PE
    Total System Jitter     (TSJ):    0.071ns
    Total Input Jitter      (TIJ):    0.000ns
    Discrete Jitter          (DJ):    0.000ns
    Phase Error              (PE):    0.000ns

    Location             Delay type                Incr(ns)  Path(ns)    Netlist Resource(s)
  -------------------------------------------------------------------    -------------------
                         (clock sys_clk_pin rise edge)
                                                      0.000     0.000 r  
    W5                                                0.000     0.000 r  clk (IN)
                         net (fo=0)                   0.000     0.000    clk
    W5                   IBUF (Prop_ibuf_I_O)         1.458     1.458 r  clk_IBUF_inst/O
                         net (fo=1, routed)           1.967     3.425    clk_IBUF
    BUFGCTRL_X0Y0        BUFG (Prop_bufg_I_O)         0.096     3.521 r  clk_IBUF_BUFG_inst/O
                         net (fo=26, routed)          1.627     5.148    cd/clk_IBUF_BUFG
    SLICE_X62Y31         FDRE                                         r  cd/count_reg[24]/C
  -------------------------------------------------------------------    -------------------
    SLICE_X62Y31         FDRE (Prop_fdre_C_Q)         0.456     5.604 f  cd/count_reg[24]/Q
                         net (fo=2, routed)           0.680     6.284    cd/count[24]
    SLICE_X63Y31         LUT4 (Prop_lut4_I2_O)        0.124     6.408 f  cd/count[0]_i_4/O
                         net (fo=1, routed)           1.160     7.568    cd/count[0]_i_4_n_0
    SLICE_X63Y28         LUT6 (Prop_lut6_I1_O)        0.124     7.692 f  cd/count[0]_i_2/O
                         net (fo=3, routed)           0.419     8.111    cd/count[0]_i_2_n_0
    SLICE_X63Y26         LUT2 (Prop_lut2_I1_O)        0.124     8.235 r  cd/count[24]_i_1/O
                         net (fo=24, routed)          1.029     9.264    cd/clkout
    SLICE_X62Y30         FDRE                                         r  cd/count_reg[20]/R
  -------------------------------------------------------------------    -------------------

                         (clock sys_clk_pin rise edge)
                                                     10.000    10.000 r  
    W5                                                0.000    10.000 r  clk (IN)
                         net (fo=0)                   0.000    10.000    clk
    W5                   IBUF (Prop_ibuf_I_O)         1.388    11.388 r  clk_IBUF_inst/O
                         net (fo=1, routed)           1.862    13.250    clk_IBUF
    BUFGCTRL_X0Y0        BUFG (Prop_bufg_I_O)         0.091    13.341 r  clk_IBUF_BUFG_inst/O
                         net (fo=26, routed)          1.508    14.849    cd/clk_IBUF_BUFG
    SLICE_X62Y30         FDRE                                         r  cd/count_reg[20]/C
                         clock pessimism              0.274    15.123    
                         clock uncertainty           -0.035    15.088    
    SLICE_X62Y30         FDRE (Setup_fdre_C_R)       -0.429    14.659    cd/count_reg[20]
  -------------------------------------------------------------------
                         required time                         14.659    
                         arrival time                          -9.264    
  -------------------------------------------------------------------
                         slack                                  5.395    

Slack (MET) :             5.543ns  (required time - arrival time)
  Source:                 cd/count_reg[24]/C
                            (rising edge-triggered cell FDRE clocked by sys_clk_pin  {rise@0.000ns fall@5.000ns period=10.000ns})
  Destination:            cd/count_reg[13]/R
                            (rising edge-triggered cell FDRE clocked by sys_clk_pin  {rise@0.000ns fall@5.000ns period=10.000ns})
  Path Group:             sys_clk_pin
  Path Type:              Setup (Max at Slow Process Corner)
  Requirement:            10.000ns  (sys_clk_pin rise@10.000ns - sys_clk_pin rise@0.000ns)
  Data Path Delay:        3.967ns  (logic 0.828ns (20.870%)  route 3.139ns (79.130%))
  Logic Levels:           3  (LUT2=1 LUT4=1 LUT6=1)
  Clock Path Skew:        -0.025ns (DCD - SCD + CPR)
    Destination Clock Delay (DCD):    4.849ns = ( 14.849 - 10.000 ) 
    Source Clock Delay      (SCD):    5.148ns
    Clock Pessimism Removal (CPR):    0.274ns
  Clock Uncertainty:      0.035ns  ((TSJ^2 + TIJ^2)^1/2 + DJ) / 2 + PE
    Total System Jitter     (TSJ):    0.071ns
    Total Input Jitter      (TIJ):    0.000ns
    Discrete Jitter          (DJ):    0.000ns
    Phase Error              (PE):    0.000ns

    Location             Delay type                Incr(ns)  Path(ns)    Netlist Resource(s)
  -------------------------------------------------------------------    -------------------
                         (clock sys_clk_pin rise edge)
                                                      0.000     0.000 r  
    W5                                                0.000     0.000 r  clk (IN)
                         net (fo=0)                   0.000     0.000    clk
    W5                   IBUF (Prop_ibuf_I_O)         1.458     1.458 r  clk_IBUF_inst/O
                         net (fo=1, routed)           1.967     3.425    clk_IBUF
    BUFGCTRL_X0Y0        BUFG (Prop_bufg_I_O)         0.096     3.521 r  clk_IBUF_BUFG_inst/O
                         net (fo=26, routed)          1.627     5.148    cd/clk_IBUF_BUFG
    SLICE_X62Y31         FDRE                                         r  cd/count_reg[24]/C
  -------------------------------------------------------------------    -------------------
    SLICE_X62Y31         FDRE (Prop_fdre_C_Q)         0.456     5.604 f  cd/count_reg[24]/Q
                         net (fo=2, routed)           0.680     6.284    cd/count[24]
    SLICE_X63Y31         LUT4 (Prop_lut4_I2_O)        0.124     6.408 f  cd/count[0]_i_4/O
                         net (fo=1, routed)           1.160     7.568    cd/count[0]_i_4_n_0
    SLICE_X63Y28         LUT6 (Prop_lut6_I1_O)        0.124     7.692 f  cd/count[0]_i_2/O
                         net (fo=3, routed)           0.419     8.111    cd/count[0]_i_2_n_0
    SLICE_X63Y26         LUT2 (Prop_lut2_I1_O)        0.124     8.235 r  cd/count[24]_i_1/O
                         net (fo=24, routed)          0.881     9.116    cd/clkout
    SLICE_X62Y29         FDRE                                         r  cd/count_reg[13]/R
  -------------------------------------------------------------------    -------------------

                         (clock sys_clk_pin rise edge)
                                                     10.000    10.000 r  
    W5                                                0.000    10.000 r  clk (IN)
                         net (fo=0)                   0.000    10.000    clk
    W5                   IBUF (Prop_ibuf_I_O)         1.388    11.388 r  clk_IBUF_inst/O
                         net (fo=1, routed)           1.862    13.250    clk_IBUF
    BUFGCTRL_X0Y0        BUFG (Prop_bufg_I_O)         0.091    13.341 r  clk_IBUF_BUFG_inst/O
                         net (fo=26, routed)          1.508    14.849    cd/clk_IBUF_BUFG
    SLICE_X62Y29         FDRE                                         r  cd/count_reg[13]/C
                         clock pessimism              0.274    15.123    
                         clock uncertainty           -0.035    15.088    
    SLICE_X62Y29         FDRE (Setup_fdre_C_R)       -0.429    14.659    cd/count_reg[13]
  -------------------------------------------------------------------
                         required time                         14.659    
                         arrival time                          -9.116    
  -------------------------------------------------------------------
                         slack                                  5.543    

Slack (MET) :             5.543ns  (required time - arrival time)
  Source:                 cd/count_reg[24]/C
                            (rising edge-triggered cell FDRE clocked by sys_clk_pin  {rise@0.000ns fall@5.000ns period=10.000ns})
  Destination:            cd/count_reg[14]/R
                            (rising edge-triggered cell FDRE clocked by sys_clk_pin  {rise@0.000ns fall@5.000ns period=10.000ns})
  Path Group:             sys_clk_pin
  Path Type:              Setup (Max at Slow Process Corner)
  Requirement:            10.000ns  (sys_clk_pin rise@10.000ns - sys_clk_pin rise@0.000ns)
  Data Path Delay:        3.967ns  (logic 0.828ns (20.870%)  route 3.139ns (79.130%))
  Logic Levels:           3  (LUT2=1 LUT4=1 LUT6=1)
  Clock Path Skew:        -0.025ns (DCD - SCD + CPR)
    Destination Clock Delay (DCD):    4.849ns = ( 14.849 - 10.000 ) 
    Source Clock Delay      (SCD):    5.148ns
    Clock Pessimism Removal (CPR):    0.274ns
  Clock Uncertainty:      0.035ns  ((TSJ^2 + TIJ^2)^1/2 + DJ) / 2 + PE
    Total System Jitter     (TSJ):    0.071ns
    Total Input Jitter      (TIJ):    0.000ns
    Discrete Jitter          (DJ):    0.000ns
    Phase Error              (PE):    0.000ns

    Location             Delay type                Incr(ns)  Path(ns)    Netlist Resource(s)
  -------------------------------------------------------------------    -------------------
                         (clock sys_clk_pin rise edge)
                                                      0.000     0.000 r  
    W5                                                0.000     0.000 r  clk (IN)
                         net (fo=0)                   0.000     0.000    clk
    W5                   IBUF (Prop_ibuf_I_O)         1.458     1.458 r  clk_IBUF_inst/O
                         net (fo=1, routed)           1.967     3.425    clk_IBUF
    BUFGCTRL_X0Y0        BUFG (Prop_bufg_I_O)         0.096     3.521 r  clk_IBUF_BUFG_inst/O
                         net (fo=26, routed)          1.627     5.148    cd/clk_IBUF_BUFG
    SLICE_X62Y31         FDRE                                         r  cd/count_reg[24]/C
  -------------------------------------------------------------------    -------------------
    SLICE_X62Y31         FDRE (Prop_fdre_C_Q)         0.456     5.604 f  cd/count_reg[24]/Q
                         net (fo=2, routed)           0.680     6.284    cd/count[24]
    SLICE_X63Y31         LUT4 (Prop_lut4_I2_O)        0.124     6.408 f  cd/count[0]_i_4/O
                         net (fo=1, routed)           1.160     7.568    cd/count[0]_i_4_n_0
    SLICE_X63Y28         LUT6 (Prop_lut6_I1_O)        0.124     7.692 f  cd/count[0]_i_2/O
                         net (fo=3, routed)           0.419     8.111    cd/count[0]_i_2_n_0
    SLICE_X63Y26         LUT2 (Prop_lut2_I1_O)        0.124     8.235 r  cd/count[24]_i_1/O
                         net (fo=24, routed)          0.881     9.116    cd/clkout
    SLICE_X62Y29         FDRE                                         r  cd/count_reg[14]/R
  -------------------------------------------------------------------    -------------------

                         (clock sys_clk_pin rise edge)
                                                     10.000    10.000 r  
    W5                                                0.000    10.000 r  clk (IN)
                         net (fo=0)                   0.000    10.000    clk
    W5                   IBUF (Prop_ibuf_I_O)         1.388    11.388 r  clk_IBUF_inst/O
                         net (fo=1, routed)           1.862    13.250    clk_IBUF
    BUFGCTRL_X0Y0        BUFG (Prop_bufg_I_O)         0.091    13.341 r  clk_IBUF_BUFG_inst/O
                         net (fo=26, routed)          1.508    14.849    cd/clk_IBUF_BUFG
    SLICE_X62Y29         FDRE                                         r  cd/count_reg[14]/C
                         clock pessimism              0.274    15.123    
                         clock uncertainty           -0.035    15.088    
    SLICE_X62Y29         FDRE (Setup_fdre_C_R)       -0.429    14.659    cd/count_reg[14]
  -------------------------------------------------------------------
                         required time                         14.659    
                         arrival time                          -9.116    
  -------------------------------------------------------------------
                         slack                                  5.543    





Min Delay Paths
--------------------------------------------------------------------------------------
Slack (MET) :             0.335ns  (arrival time - required time)
  Source:                 cd/count_reg[1]/C
                            (rising edge-triggered cell FDRE clocked by sys_clk_pin  {rise@0.000ns fall@5.000ns period=10.000ns})
  Destination:            cd/count_reg[1]/D
                            (rising edge-triggered cell FDRE clocked by sys_clk_pin  {rise@0.000ns fall@5.000ns period=10.000ns})
  Path Group:             sys_clk_pin
  Path Type:              Hold (Min at Fast Process Corner)
  Requirement:            0.000ns  (sys_clk_pin rise@0.000ns - sys_clk_pin rise@0.000ns)
  Data Path Delay:        0.440ns  (logic 0.256ns (58.221%)  route 0.184ns (41.779%))
  Logic Levels:           1  (CARRY4=1)
  Clock Path Skew:        0.000ns (DCD - SCD - CPR)
    Destination Clock Delay (DCD):    1.978ns
    Source Clock Delay      (SCD):    1.466ns
    Clock Pessimism Removal (CPR):    0.512ns

    Location             Delay type                Incr(ns)  Path(ns)    Netlist Resource(s)
  -------------------------------------------------------------------    -------------------
                         (clock sys_clk_pin rise edge)
                                                      0.000     0.000 r  
    W5                                                0.000     0.000 r  clk (IN)
                         net (fo=0)                   0.000     0.000    clk
    W5                   IBUF (Prop_ibuf_I_O)         0.226     0.226 r  clk_IBUF_inst/O
                         net (fo=1, routed)           0.631     0.858    clk_IBUF
    BUFGCTRL_X0Y0        BUFG (Prop_bufg_I_O)         0.026     0.884 r  clk_IBUF_BUFG_inst/O
                         net (fo=26, routed)          0.583     1.466    cd/clk_IBUF_BUFG
    SLICE_X62Y26         FDRE                                         r  cd/count_reg[1]/C
  -------------------------------------------------------------------    -------------------
    SLICE_X62Y26         FDRE (Prop_fdre_C_Q)         0.141     1.607 r  cd/count_reg[1]/Q
                         net (fo=2, routed)           0.184     1.791    cd/count[1]
    SLICE_X62Y26         CARRY4 (Prop_carry4_S[0]_O[0])
                                                      0.115     1.906 r  cd/count_reg[4]_i_1/O[0]
                         net (fo=1, routed)           0.000     1.906    cd/data0[1]
    SLICE_X62Y26         FDRE                                         r  cd/count_reg[1]/D
  -------------------------------------------------------------------    -------------------

                         (clock sys_clk_pin rise edge)
                                                      0.000     0.000 r  
    W5                                                0.000     0.000 r  clk (IN)
                         net (fo=0)                   0.000     0.000    clk
    W5                   IBUF (Prop_ibuf_I_O)         0.414     0.414 r  clk_IBUF_inst/O
                         net (fo=1, routed)           0.685     1.099    clk_IBUF
    BUFGCTRL_X0Y0        BUFG (Prop_bufg_I_O)         0.029     1.128 r  clk_IBUF_BUFG_inst/O
                         net (fo=26, routed)          0.851     1.978    cd/clk_IBUF_BUFG
    SLICE_X62Y26         FDRE                                         r  cd/count_reg[1]/C
                         clock pessimism             -0.512     1.466    
    SLICE_X62Y26         FDRE (Hold_fdre_C_D)         0.105     1.571    cd/count_reg[1]
  -------------------------------------------------------------------
                         required time                         -1.571    
                         arrival time                           1.906    
  -------------------------------------------------------------------
                         slack                                  0.335    

Slack (MET) :             0.338ns  (arrival time - required time)
  Source:                 cd/count_reg[12]/C
                            (rising edge-triggered cell FDRE clocked by sys_clk_pin  {rise@0.000ns fall@5.000ns period=10.000ns})
  Destination:            cd/count_reg[12]/D
                            (rising edge-triggered cell FDRE clocked by sys_clk_pin  {rise@0.000ns fall@5.000ns period=10.000ns})
  Path Group:             sys_clk_pin
  Path Type:              Hold (Min at Fast Process Corner)
  Requirement:            0.000ns  (sys_clk_pin rise@0.000ns - sys_clk_pin rise@0.000ns)
  Data Path Delay:        0.443ns  (logic 0.249ns (56.213%)  route 0.194ns (43.787%))
  Logic Levels:           1  (CARRY4=1)
  Clock Path Skew:        0.000ns (DCD - SCD - CPR)
    Destination Clock Delay (DCD):    1.981ns
    Source Clock Delay      (SCD):    1.468ns
    Clock Pessimism Removal (CPR):    0.513ns

    Location             Delay type                Incr(ns)  Path(ns)    Netlist Resource(s)
  -------------------------------------------------------------------    -------------------
                         (clock sys_clk_pin rise edge)
                                                      0.000     0.000 r  
    W5                                                0.000     0.000 r  clk (IN)
                         net (fo=0)                   0.000     0.000    clk
    W5                   IBUF (Prop_ibuf_I_O)         0.226     0.226 r  clk_IBUF_inst/O
                         net (fo=1, routed)           0.631     0.858    clk_IBUF
    BUFGCTRL_X0Y0        BUFG (Prop_bufg_I_O)         0.026     0.884 r  clk_IBUF_BUFG_inst/O
                         net (fo=26, routed)          0.585     1.468    cd/clk_IBUF_BUFG
    SLICE_X62Y28         FDRE                                         r  cd/count_reg[12]/C
  -------------------------------------------------------------------    -------------------
    SLICE_X62Y28         FDRE (Prop_fdre_C_Q)         0.141     1.609 r  cd/count_reg[12]/Q
                         net (fo=2, routed)           0.194     1.803    cd/count[12]
    SLICE_X62Y28         CARRY4 (Prop_carry4_S[3]_O[3])
                                                      0.108     1.911 r  cd/count_reg[12]_i_1/O[3]
                         net (fo=1, routed)           0.000     1.911    cd/data0[12]
    SLICE_X62Y28         FDRE                                         r  cd/count_reg[12]/D
  -------------------------------------------------------------------    -------------------

                         (clock sys_clk_pin rise edge)
                                                      0.000     0.000 r  
    W5                                                0.000     0.000 r  clk (IN)
                         net (fo=0)                   0.000     0.000    clk
    W5                   IBUF (Prop_ibuf_I_O)         0.414     0.414 r  clk_IBUF_inst/O
                         net (fo=1, routed)           0.685     1.099    clk_IBUF
    BUFGCTRL_X0Y0        BUFG (Prop_bufg_I_O)         0.029     1.128 r  clk_IBUF_BUFG_inst/O
                         net (fo=26, routed)          0.854     1.981    cd/clk_IBUF_BUFG
    SLICE_X62Y28         FDRE                                         r  cd/count_reg[12]/C
                         clock pessimism             -0.513     1.468    
    SLICE_X62Y28         FDRE (Hold_fdre_C_D)         0.105     1.573    cd/count_reg[12]
  -------------------------------------------------------------------
                         required time                         -1.573    
                         arrival time                           1.911    
  -------------------------------------------------------------------
                         slack                                  0.338    

Slack (MET) :             0.339ns  (arrival time - required time)
  Source:                 cd/count_reg[17]/C
                            (rising edge-triggered cell FDRE clocked by sys_clk_pin  {rise@0.000ns fall@5.000ns period=10.000ns})
  Destination:            cd/count_reg[17]/D
                            (rising edge-triggered cell FDRE clocked by sys_clk_pin  {rise@0.000ns fall@5.000ns period=10.000ns})
  Path Group:             sys_clk_pin
  Path Type:              Hold (Min at Fast Process Corner)
  Requirement:            0.000ns  (sys_clk_pin rise@0.000ns - sys_clk_pin rise@0.000ns)
  Data Path Delay:        0.444ns  (logic 0.256ns (57.717%)  route 0.188ns (42.283%))
  Logic Levels:           1  (CARRY4=1)
  Clock Path Skew:        0.000ns (DCD - SCD - CPR)
    Destination Clock Delay (DCD):    1.983ns
    Source Clock Delay      (SCD):    1.470ns
    Clock Pessimism Removal (CPR):    0.513ns

    Location             Delay type                Incr(ns)  Path(ns)    Netlist Resource(s)
  -------------------------------------------------------------------    -------------------
                         (clock sys_clk_pin rise edge)
                                                      0.000     0.000 r  
    W5                                                0.000     0.000 r  clk (IN)
                         net (fo=0)                   0.000     0.000    clk
    W5                   IBUF (Prop_ibuf_I_O)         0.226     0.226 r  clk_IBUF_inst/O
                         net (fo=1, routed)           0.631     0.858    clk_IBUF
    BUFGCTRL_X0Y0        BUFG (Prop_bufg_I_O)         0.026     0.884 r  clk_IBUF_BUFG_inst/O
                         net (fo=26, routed)          0.587     1.470    cd/clk_IBUF_BUFG
    SLICE_X62Y30         FDRE                                         r  cd/count_reg[17]/C
  -------------------------------------------------------------------    -------------------
    SLICE_X62Y30         FDRE (Prop_fdre_C_Q)         0.141     1.611 r  cd/count_reg[17]/Q
                         net (fo=2, routed)           0.188     1.799    cd/count[17]
    SLICE_X62Y30         CARRY4 (Prop_carry4_S[0]_O[0])
                                                      0.115     1.914 r  cd/count_reg[20]_i_1/O[0]
                         net (fo=1, routed)           0.000     1.914    cd/data0[17]
    SLICE_X62Y30         FDRE                                         r  cd/count_reg[17]/D
  -------------------------------------------------------------------    -------------------

                         (clock sys_clk_pin rise edge)
                                                      0.000     0.000 r  
    W5                                                0.000     0.000 r  clk (IN)
                         net (fo=0)                   0.000     0.000    clk
    W5                   IBUF (Prop_ibuf_I_O)         0.414     0.414 r  clk_IBUF_inst/O
                         net (fo=1, routed)           0.685     1.099    clk_IBUF
    BUFGCTRL_X0Y0        BUFG (Prop_bufg_I_O)         0.029     1.128 r  clk_IBUF_BUFG_inst/O
                         net (fo=26, routed)          0.856     1.983    cd/clk_IBUF_BUFG
    SLICE_X62Y30         FDRE                                         r  cd/count_reg[17]/C
                         clock pessimism             -0.513     1.470    
    SLICE_X62Y30         FDRE (Hold_fdre_C_D)         0.105     1.575    cd/count_reg[17]
  -------------------------------------------------------------------
                         required time                         -1.575    
                         arrival time                           1.914    
  -------------------------------------------------------------------
                         slack                                  0.339    

Slack (MET) :             0.339ns  (arrival time - required time)
  Source:                 cd/count_reg[21]/C
                            (rising edge-triggered cell FDRE clocked by sys_clk_pin  {rise@0.000ns fall@5.000ns period=10.000ns})
  Destination:            cd/count_reg[21]/D
                            (rising edge-triggered cell FDRE clocked by sys_clk_pin  {rise@0.000ns fall@5.000ns period=10.000ns})
  Path Group:             sys_clk_pin
  Path Type:              Hold (Min at Fast Process Corner)
  Requirement:            0.000ns  (sys_clk_pin rise@0.000ns - sys_clk_pin rise@0.000ns)
  Data Path Delay:        0.444ns  (logic 0.256ns (57.717%)  route 0.188ns (42.283%))
  Logic Levels:           1  (CARRY4=1)
  Clock Path Skew:        0.000ns (DCD - SCD - CPR)
    Destination Clock Delay (DCD):    1.984ns
    Source Clock Delay      (SCD):    1.471ns
    Clock Pessimism Removal (CPR):    0.513ns

    Location             Delay type                Incr(ns)  Path(ns)    Netlist Resource(s)
  -------------------------------------------------------------------    -------------------
                         (clock sys_clk_pin rise edge)
                                                      0.000     0.000 r  
    W5                                                0.000     0.000 r  clk (IN)
                         net (fo=0)                   0.000     0.000    clk
    W5                   IBUF (Prop_ibuf_I_O)         0.226     0.226 r  clk_IBUF_inst/O
                         net (fo=1, routed)           0.631     0.858    clk_IBUF
    BUFGCTRL_X0Y0        BUFG (Prop_bufg_I_O)         0.026     0.884 r  clk_IBUF_BUFG_inst/O
                         net (fo=26, routed)          0.588     1.471    cd/clk_IBUF_BUFG
    SLICE_X62Y31         FDRE                                         r  cd/count_reg[21]/C
  -------------------------------------------------------------------    -------------------
    SLICE_X62Y31         FDRE (Prop_fdre_C_Q)         0.141     1.612 r  cd/count_reg[21]/Q
                         net (fo=2, routed)           0.188     1.800    cd/count[21]
    SLICE_X62Y31         CARRY4 (Prop_carry4_S[0]_O[0])
                                                      0.115     1.915 r  cd/count_reg[24]_i_2/O[0]
                         net (fo=1, routed)           0.000     1.915    cd/data0[21]
    SLICE_X62Y31         FDRE                                         r  cd/count_reg[21]/D
  -------------------------------------------------------------------    -------------------

                         (clock sys_clk_pin rise edge)
                                                      0.000     0.000 r  
    W5                                                0.000     0.000 r  clk (IN)
                         net (fo=0)                   0.000     0.000    clk
    W5                   IBUF (Prop_ibuf_I_O)         0.414     0.414 r  clk_IBUF_inst/O
                         net (fo=1, routed)           0.685     1.099    clk_IBUF
    BUFGCTRL_X0Y0        BUFG (Prop_bufg_I_O)         0.029     1.128 r  clk_IBUF_BUFG_inst/O
                         net (fo=26, routed)          0.857     1.984    cd/clk_IBUF_BUFG
    SLICE_X62Y31         FDRE                                         r  cd/count_reg[21]/C
                         clock pessimism             -0.513     1.471    
    SLICE_X62Y31         FDRE (Hold_fdre_C_D)         0.105     1.576    cd/count_reg[21]
  -------------------------------------------------------------------
                         required time                         -1.576    
                         arrival time                           1.915    
  -------------------------------------------------------------------
                         slack                                  0.339    

Slack (MET) :             0.339ns  (arrival time - required time)
  Source:                 cd/count_reg[5]/C
                            (rising edge-triggered cell FDRE clocked by sys_clk_pin  {rise@0.000ns fall@5.000ns period=10.000ns})
  Destination:            cd/count_reg[5]/D
                            (rising edge-triggered cell FDRE clocked by sys_clk_pin  {rise@0.000ns fall@5.000ns period=10.000ns})
  Path Group:             sys_clk_pin
  Path Type:              Hold (Min at Fast Process Corner)
  Requirement:            0.000ns  (sys_clk_pin rise@0.000ns - sys_clk_pin rise@0.000ns)
  Data Path Delay:        0.444ns  (logic 0.256ns (57.717%)  route 0.188ns (42.283%))
  Logic Levels:           1  (CARRY4=1)
  Clock Path Skew:        0.000ns (DCD - SCD - CPR)
    Destination Clock Delay (DCD):    1.980ns
    Source Clock Delay      (SCD):    1.468ns
    Clock Pessimism Removal (CPR):    0.512ns

    Location             Delay type                Incr(ns)  Path(ns)    Netlist Resource(s)
  -------------------------------------------------------------------    -------------------
                         (clock sys_clk_pin rise edge)
                                                      0.000     0.000 r  
    W5                                                0.000     0.000 r  clk (IN)
                         net (fo=0)                   0.000     0.000    clk
    W5                   IBUF (Prop_ibuf_I_O)         0.226     0.226 r  clk_IBUF_inst/O
                         net (fo=1, routed)           0.631     0.858    clk_IBUF
    BUFGCTRL_X0Y0        BUFG (Prop_bufg_I_O)         0.026     0.884 r  clk_IBUF_BUFG_inst/O
                         net (fo=26, routed)          0.585     1.468    cd/clk_IBUF_BUFG
    SLICE_X62Y27         FDRE                                         r  cd/count_reg[5]/C
  -------------------------------------------------------------------    -------------------
    SLICE_X62Y27         FDRE (Prop_fdre_C_Q)         0.141     1.609 r  cd/count_reg[5]/Q
                         net (fo=2, routed)           0.188     1.797    cd/count[5]
    SLICE_X62Y27         CARRY4 (Prop_carry4_S[0]_O[0])
                                                      0.115     1.912 r  cd/count_reg[8]_i_1/O[0]
                         net (fo=1, routed)           0.000     1.912    cd/data0[5]
    SLICE_X62Y27         FDRE                                         r  cd/count_reg[5]/D
  -------------------------------------------------------------------    -------------------

                         (clock sys_clk_pin rise edge)
                                                      0.000     0.000 r  
    W5                                                0.000     0.000 r  clk (IN)
                         net (fo=0)                   0.000     0.000    clk
    W5                   IBUF (Prop_ibuf_I_O)         0.414     0.414 r  clk_IBUF_inst/O
                         net (fo=1, routed)           0.685     1.099    clk_IBUF
    BUFGCTRL_X0Y0        BUFG (Prop_bufg_I_O)         0.029     1.128 r  clk_IBUF_BUFG_inst/O
                         net (fo=26, routed)          0.853     1.980    cd/clk_IBUF_BUFG
    SLICE_X62Y27         FDRE                                         r  cd/count_reg[5]/C
                         clock pessimism             -0.512     1.468    
    SLICE_X62Y27         FDRE (Hold_fdre_C_D)         0.105     1.573    cd/count_reg[5]
  -------------------------------------------------------------------
                         required time                         -1.573    
                         arrival time                           1.912    
  -------------------------------------------------------------------
                         slack                                  0.339    

Slack (MET) :             0.339ns  (arrival time - required time)
  Source:                 cd/count_reg[13]/C
                            (rising edge-triggered cell FDRE clocked by sys_clk_pin  {rise@0.000ns fall@5.000ns period=10.000ns})
  Destination:            cd/count_reg[13]/D
                            (rising edge-triggered cell FDRE clocked by sys_clk_pin  {rise@0.000ns fall@5.000ns period=10.000ns})
  Path Group:             sys_clk_pin
  Path Type:              Hold (Min at Fast Process Corner)
  Requirement:            0.000ns  (sys_clk_pin rise@0.000ns - sys_clk_pin rise@0.000ns)
  Data Path Delay:        0.444ns  (logic 0.256ns (57.717%)  route 0.188ns (42.283%))
  Logic Levels:           1  (CARRY4=1)
  Clock Path Skew:        0.000ns (DCD - SCD - CPR)
    Destination Clock Delay (DCD):    1.982ns
    Source Clock Delay      (SCD):    1.469ns
    Clock Pessimism Removal (CPR):    0.513ns

    Location             Delay type                Incr(ns)  Path(ns)    Netlist Resource(s)
  -------------------------------------------------------------------    -------------------
                         (clock sys_clk_pin rise edge)
                                                      0.000     0.000 r  
    W5                                                0.000     0.000 r  clk (IN)
                         net (fo=0)                   0.000     0.000    clk
    W5                   IBUF (Prop_ibuf_I_O)         0.226     0.226 r  clk_IBUF_inst/O
                         net (fo=1, routed)           0.631     0.858    clk_IBUF
    BUFGCTRL_X0Y0        BUFG (Prop_bufg_I_O)         0.026     0.884 r  clk_IBUF_BUFG_inst/O
                         net (fo=26, routed)          0.586     1.469    cd/clk_IBUF_BUFG
    SLICE_X62Y29         FDRE                                         r  cd/count_reg[13]/C
  -------------------------------------------------------------------    -------------------
    SLICE_X62Y29         FDRE (Prop_fdre_C_Q)         0.141     1.610 r  cd/count_reg[13]/Q
                         net (fo=2, routed)           0.188     1.798    cd/count[13]
    SLICE_X62Y29         CARRY4 (Prop_carry4_S[0]_O[0])
                                                      0.115     1.913 r  cd/count_reg[16]_i_1/O[0]
                         net (fo=1, routed)           0.000     1.913    cd/data0[13]
    SLICE_X62Y29         FDRE                                         r  cd/count_reg[13]/D
  -------------------------------------------------------------------    -------------------

                         (clock sys_clk_pin rise edge)
                                                      0.000     0.000 r  
    W5                                                0.000     0.000 r  clk (IN)
                         net (fo=0)                   0.000     0.000    clk
    W5                   IBUF (Prop_ibuf_I_O)         0.414     0.414 r  clk_IBUF_inst/O
                         net (fo=1, routed)           0.685     1.099    clk_IBUF
    BUFGCTRL_X0Y0        BUFG (Prop_bufg_I_O)         0.029     1.128 r  clk_IBUF_BUFG_inst/O
                         net (fo=26, routed)          0.855     1.982    cd/clk_IBUF_BUFG
    SLICE_X62Y29         FDRE                                         r  cd/count_reg[13]/C
                         clock pessimism             -0.513     1.469    
    SLICE_X62Y29         FDRE (Hold_fdre_C_D)         0.105     1.574    cd/count_reg[13]
  -------------------------------------------------------------------
                         required time                         -1.574    
                         arrival time                           1.913    
  -------------------------------------------------------------------
                         slack                                  0.339    

Slack (MET) :             0.371ns  (arrival time - required time)
  Source:                 cd/count_reg[1]/C
                            (rising edge-triggered cell FDRE clocked by sys_clk_pin  {rise@0.000ns fall@5.000ns period=10.000ns})
  Destination:            cd/count_reg[2]/D
                            (rising edge-triggered cell FDRE clocked by sys_clk_pin  {rise@0.000ns fall@5.000ns period=10.000ns})
  Path Group:             sys_clk_pin
  Path Type:              Hold (Min at Fast Process Corner)
  Requirement:            0.000ns  (sys_clk_pin rise@0.000ns - sys_clk_pin rise@0.000ns)
  Data Path Delay:        0.476ns  (logic 0.292ns (61.383%)  route 0.184ns (38.617%))
  Logic Levels:           1  (CARRY4=1)
  Clock Path Skew:        0.000ns (DCD - SCD - CPR)
    Destination Clock Delay (DCD):    1.978ns
    Source Clock Delay      (SCD):    1.466ns
    Clock Pessimism Removal (CPR):    0.512ns

    Location             Delay type                Incr(ns)  Path(ns)    Netlist Resource(s)
  -------------------------------------------------------------------    -------------------
                         (clock sys_clk_pin rise edge)
                                                      0.000     0.000 r  
    W5                                                0.000     0.000 r  clk (IN)
                         net (fo=0)                   0.000     0.000    clk
    W5                   IBUF (Prop_ibuf_I_O)         0.226     0.226 r  clk_IBUF_inst/O
                         net (fo=1, routed)           0.631     0.858    clk_IBUF
    BUFGCTRL_X0Y0        BUFG (Prop_bufg_I_O)         0.026     0.884 r  clk_IBUF_BUFG_inst/O
                         net (fo=26, routed)          0.583     1.466    cd/clk_IBUF_BUFG
    SLICE_X62Y26         FDRE                                         r  cd/count_reg[1]/C
  -------------------------------------------------------------------    -------------------
    SLICE_X62Y26         FDRE (Prop_fdre_C_Q)         0.141     1.607 r  cd/count_reg[1]/Q
                         net (fo=2, routed)           0.184     1.791    cd/count[1]
    SLICE_X62Y26         CARRY4 (Prop_carry4_S[0]_O[1])
                                                      0.151     1.942 r  cd/count_reg[4]_i_1/O[1]
                         net (fo=1, routed)           0.000     1.942    cd/data0[2]
    SLICE_X62Y26         FDRE                                         r  cd/count_reg[2]/D
  -------------------------------------------------------------------    -------------------

                         (clock sys_clk_pin rise edge)
                                                      0.000     0.000 r  
    W5                                                0.000     0.000 r  clk (IN)
                         net (fo=0)                   0.000     0.000    clk
    W5                   IBUF (Prop_ibuf_I_O)         0.414     0.414 r  clk_IBUF_inst/O
                         net (fo=1, routed)           0.685     1.099    clk_IBUF
    BUFGCTRL_X0Y0        BUFG (Prop_bufg_I_O)         0.029     1.128 r  clk_IBUF_BUFG_inst/O
                         net (fo=26, routed)          0.851     1.978    cd/clk_IBUF_BUFG
    SLICE_X62Y26         FDRE                                         r  cd/count_reg[2]/C
                         clock pessimism             -0.512     1.466    
    SLICE_X62Y26         FDRE (Hold_fdre_C_D)         0.105     1.571    cd/count_reg[2]
  -------------------------------------------------------------------
                         required time                         -1.571    
                         arrival time                           1.942    
  -------------------------------------------------------------------
                         slack                                  0.371    

Slack (MET) :             0.375ns  (arrival time - required time)
  Source:                 cd/count_reg[17]/C
                            (rising edge-triggered cell FDRE clocked by sys_clk_pin  {rise@0.000ns fall@5.000ns period=10.000ns})
  Destination:            cd/count_reg[18]/D
                            (rising edge-triggered cell FDRE clocked by sys_clk_pin  {rise@0.000ns fall@5.000ns period=10.000ns})
  Path Group:             sys_clk_pin
  Path Type:              Hold (Min at Fast Process Corner)
  Requirement:            0.000ns  (sys_clk_pin rise@0.000ns - sys_clk_pin rise@0.000ns)
  Data Path Delay:        0.480ns  (logic 0.292ns (60.891%)  route 0.188ns (39.109%))
  Logic Levels:           1  (CARRY4=1)
  Clock Path Skew:        0.000ns (DCD - SCD - CPR)
    Destination Clock Delay (DCD):    1.983ns
    Source Clock Delay      (SCD):    1.470ns
    Clock Pessimism Removal (CPR):    0.513ns

    Location             Delay type                Incr(ns)  Path(ns)    Netlist Resource(s)
  -------------------------------------------------------------------    -------------------
                         (clock sys_clk_pin rise edge)
                                                      0.000     0.000 r  
    W5                                                0.000     0.000 r  clk (IN)
                         net (fo=0)                   0.000     0.000    clk
    W5                   IBUF (Prop_ibuf_I_O)         0.226     0.226 r  clk_IBUF_inst/O
                         net (fo=1, routed)           0.631     0.858    clk_IBUF
    BUFGCTRL_X0Y0        BUFG (Prop_bufg_I_O)         0.026     0.884 r  clk_IBUF_BUFG_inst/O
                         net (fo=26, routed)          0.587     1.470    cd/clk_IBUF_BUFG
    SLICE_X62Y30         FDRE                                         r  cd/count_reg[17]/C
  -------------------------------------------------------------------    -------------------
    SLICE_X62Y30         FDRE (Prop_fdre_C_Q)         0.141     1.611 r  cd/count_reg[17]/Q
                         net (fo=2, routed)           0.188     1.799    cd/count[17]
    SLICE_X62Y30         CARRY4 (Prop_carry4_S[0]_O[1])
                                                      0.151     1.950 r  cd/count_reg[20]_i_1/O[1]
                         net (fo=1, routed)           0.000     1.950    cd/data0[18]
    SLICE_X62Y30         FDRE                                         r  cd/count_reg[18]/D
  -------------------------------------------------------------------    -------------------

                         (clock sys_clk_pin rise edge)
                                                      0.000     0.000 r  
    W5                                                0.000     0.000 r  clk (IN)
                         net (fo=0)                   0.000     0.000    clk
    W5                   IBUF (Prop_ibuf_I_O)         0.414     0.414 r  clk_IBUF_inst/O
                         net (fo=1, routed)           0.685     1.099    clk_IBUF
    BUFGCTRL_X0Y0        BUFG (Prop_bufg_I_O)         0.029     1.128 r  clk_IBUF_BUFG_inst/O
                         net (fo=26, routed)          0.856     1.983    cd/clk_IBUF_BUFG
    SLICE_X62Y30         FDRE                                         r  cd/count_reg[18]/C
                         clock pessimism             -0.513     1.470    
    SLICE_X62Y30         FDRE (Hold_fdre_C_D)         0.105     1.575    cd/count_reg[18]
  -------------------------------------------------------------------
                         required time                         -1.575    
                         arrival time                           1.950    
  -------------------------------------------------------------------
                         slack                                  0.375    

Slack (MET) :             0.375ns  (arrival time - required time)
  Source:                 cd/count_reg[21]/C
                            (rising edge-triggered cell FDRE clocked by sys_clk_pin  {rise@0.000ns fall@5.000ns period=10.000ns})
  Destination:            cd/count_reg[22]/D
                            (rising edge-triggered cell FDRE clocked by sys_clk_pin  {rise@0.000ns fall@5.000ns period=10.000ns})
  Path Group:             sys_clk_pin
  Path Type:              Hold (Min at Fast Process Corner)
  Requirement:            0.000ns  (sys_clk_pin rise@0.000ns - sys_clk_pin rise@0.000ns)
  Data Path Delay:        0.480ns  (logic 0.292ns (60.891%)  route 0.188ns (39.109%))
  Logic Levels:           1  (CARRY4=1)
  Clock Path Skew:        0.000ns (DCD - SCD - CPR)
    Destination Clock Delay (DCD):    1.984ns
    Source Clock Delay      (SCD):    1.471ns
    Clock Pessimism Removal (CPR):    0.513ns

    Location             Delay type                Incr(ns)  Path(ns)    Netlist Resource(s)
  -------------------------------------------------------------------    -------------------
                         (clock sys_clk_pin rise edge)
                                                      0.000     0.000 r  
    W5                                                0.000     0.000 r  clk (IN)
                         net (fo=0)                   0.000     0.000    clk
    W5                   IBUF (Prop_ibuf_I_O)         0.226     0.226 r  clk_IBUF_inst/O
                         net (fo=1, routed)           0.631     0.858    clk_IBUF
    BUFGCTRL_X0Y0        BUFG (Prop_bufg_I_O)         0.026     0.884 r  clk_IBUF_BUFG_inst/O
                         net (fo=26, routed)          0.588     1.471    cd/clk_IBUF_BUFG
    SLICE_X62Y31         FDRE                                         r  cd/count_reg[21]/C
  -------------------------------------------------------------------    -------------------
    SLICE_X62Y31         FDRE (Prop_fdre_C_Q)         0.141     1.612 r  cd/count_reg[21]/Q
                         net (fo=2, routed)           0.188     1.800    cd/count[21]
    SLICE_X62Y31         CARRY4 (Prop_carry4_S[0]_O[1])
                                                      0.151     1.951 r  cd/count_reg[24]_i_2/O[1]
                         net (fo=1, routed)           0.000     1.951    cd/data0[22]
    SLICE_X62Y31         FDRE                                         r  cd/count_reg[22]/D
  -------------------------------------------------------------------    -------------------

                         (clock sys_clk_pin rise edge)
                                                      0.000     0.000 r  
    W5                                                0.000     0.000 r  clk (IN)
                         net (fo=0)                   0.000     0.000    clk
    W5                   IBUF (Prop_ibuf_I_O)         0.414     0.414 r  clk_IBUF_inst/O
                         net (fo=1, routed)           0.685     1.099    clk_IBUF
    BUFGCTRL_X0Y0        BUFG (Prop_bufg_I_O)         0.029     1.128 r  clk_IBUF_BUFG_inst/O
                         net (fo=26, routed)          0.857     1.984    cd/clk_IBUF_BUFG
    SLICE_X62Y31         FDRE                                         r  cd/count_reg[22]/C
                         clock pessimism             -0.513     1.471    
    SLICE_X62Y31         FDRE (Hold_fdre_C_D)         0.105     1.576    cd/count_reg[22]
  -------------------------------------------------------------------
                         required time                         -1.576    
                         arrival time                           1.951    
  -------------------------------------------------------------------
                         slack                                  0.375    

Slack (MET) :             0.375ns  (arrival time - required time)
  Source:                 cd/count_reg[5]/C
                            (rising edge-triggered cell FDRE clocked by sys_clk_pin  {rise@0.000ns fall@5.000ns period=10.000ns})
  Destination:            cd/count_reg[6]/D
                            (rising edge-triggered cell FDRE clocked by sys_clk_pin  {rise@0.000ns fall@5.000ns period=10.000ns})
  Path Group:             sys_clk_pin
  Path Type:              Hold (Min at Fast Process Corner)
  Requirement:            0.000ns  (sys_clk_pin rise@0.000ns - sys_clk_pin rise@0.000ns)
  Data Path Delay:        0.480ns  (logic 0.292ns (60.891%)  route 0.188ns (39.109%))
  Logic Levels:           1  (CARRY4=1)
  Clock Path Skew:        0.000ns (DCD - SCD - CPR)
    Destination Clock Delay (DCD):    1.980ns
    Source Clock Delay      (SCD):    1.468ns
    Clock Pessimism Removal (CPR):    0.512ns

    Location             Delay type                Incr(ns)  Path(ns)    Netlist Resource(s)
  -------------------------------------------------------------------    -------------------
                         (clock sys_clk_pin rise edge)
                                                      0.000     0.000 r  
    W5                                                0.000     0.000 r  clk (IN)
                         net (fo=0)                   0.000     0.000    clk
    W5                   IBUF (Prop_ibuf_I_O)         0.226     0.226 r  clk_IBUF_inst/O
                         net (fo=1, routed)           0.631     0.858    clk_IBUF
    BUFGCTRL_X0Y0        BUFG (Prop_bufg_I_O)         0.026     0.884 r  clk_IBUF_BUFG_inst/O
                         net (fo=26, routed)          0.585     1.468    cd/clk_IBUF_BUFG
    SLICE_X62Y27         FDRE                                         r  cd/count_reg[5]/C
  -------------------------------------------------------------------    -------------------
    SLICE_X62Y27         FDRE (Prop_fdre_C_Q)         0.141     1.609 r  cd/count_reg[5]/Q
                         net (fo=2, routed)           0.188     1.797    cd/count[5]
    SLICE_X62Y27         CARRY4 (Prop_carry4_S[0]_O[1])
                                                      0.151     1.948 r  cd/count_reg[8]_i_1/O[1]
                         net (fo=1, routed)           0.000     1.948    cd/data0[6]
    SLICE_X62Y27         FDRE                                         r  cd/count_reg[6]/D
  -------------------------------------------------------------------    -------------------

                         (clock sys_clk_pin rise edge)
                                                      0.000     0.000 r  
    W5                                                0.000     0.000 r  clk (IN)
                         net (fo=0)                   0.000     0.000    clk
    W5                   IBUF (Prop_ibuf_I_O)         0.414     0.414 r  clk_IBUF_inst/O
                         net (fo=1, routed)           0.685     1.099    clk_IBUF
    BUFGCTRL_X0Y0        BUFG (Prop_bufg_I_O)         0.029     1.128 r  clk_IBUF_BUFG_inst/O
                         net (fo=26, routed)          0.853     1.980    cd/clk_IBUF_BUFG
    SLICE_X62Y27         FDRE                                         r  cd/count_reg[6]/C
                         clock pessimism             -0.512     1.468    
    SLICE_X62Y27         FDRE (Hold_fdre_C_D)         0.105     1.573    cd/count_reg[6]
  -------------------------------------------------------------------
                         required time                         -1.573    
                         arrival time                           1.948    
  -------------------------------------------------------------------
                         slack                                  0.375    





Pulse Width Checks
--------------------------------------------------------------------------------------
Clock Name:         sys_clk_pin
Waveform(ns):       { 0.000 5.000 }
Period(ns):         10.000
Sources:            { clk }

Check Type        Corner  Lib Pin  Reference Pin  Required(ns)  Actual(ns)  Slack(ns)  Location       Pin
Min Period        n/a     BUFG/I   n/a            2.155         10.000      7.845      BUFGCTRL_X0Y0  clk_IBUF_BUFG_inst/I
Min Period        n/a     FDRE/C   n/a            1.000         10.000      9.000      SLICE_X62Y25   cd/clkout_reg/C
Min Period        n/a     FDRE/C   n/a            1.000         10.000      9.000      SLICE_X62Y25   cd/count_reg[0]/C
Min Period        n/a     FDRE/C   n/a            1.000         10.000      9.000      SLICE_X62Y28   cd/count_reg[10]/C
Min Period        n/a     FDRE/C   n/a            1.000         10.000      9.000      SLICE_X62Y28   cd/count_reg[11]/C
Min Period        n/a     FDRE/C   n/a            1.000         10.000      9.000      SLICE_X62Y28   cd/count_reg[12]/C
Min Period        n/a     FDRE/C   n/a            1.000         10.000      9.000      SLICE_X62Y29   cd/count_reg[13]/C
Min Period        n/a     FDRE/C   n/a            1.000         10.000      9.000      SLICE_X62Y29   cd/count_reg[14]/C
Min Period        n/a     FDRE/C   n/a            1.000         10.000      9.000      SLICE_X62Y29   cd/count_reg[15]/C
Min Period        n/a     FDRE/C   n/a            1.000         10.000      9.000      SLICE_X62Y29   cd/count_reg[16]/C
Low Pulse Width   Fast    FDRE/C   n/a            0.500         5.000       4.500      SLICE_X62Y25   cd/clkout_reg/C
Low Pulse Width   Fast    FDRE/C   n/a            0.500         5.000       4.500      SLICE_X62Y25   cd/count_reg[0]/C
Low Pulse Width   Slow    FDRE/C   n/a            0.500         5.000       4.500      SLICE_X62Y28   cd/count_reg[10]/C
Low Pulse Width   Fast    FDRE/C   n/a            0.500         5.000       4.500      SLICE_X62Y28   cd/count_reg[10]/C
Low Pulse Width   Slow    FDRE/C   n/a            0.500         5.000       4.500      SLICE_X62Y28   cd/count_reg[11]/C
Low Pulse Width   Fast    FDRE/C   n/a            0.500         5.000       4.500      SLICE_X62Y28   cd/count_reg[11]/C
Low Pulse Width   Slow    FDRE/C   n/a            0.500         5.000       4.500      SLICE_X62Y28   cd/count_reg[12]/C
Low Pulse Width   Fast    FDRE/C   n/a            0.500         5.000       4.500      SLICE_X62Y28   cd/count_reg[12]/C
Low Pulse Width   Slow    FDRE/C   n/a            0.500         5.000       4.500      SLICE_X62Y29   cd/count_reg[13]/C
Low Pulse Width   Slow    FDRE/C   n/a            0.500         5.000       4.500      SLICE_X62Y29   cd/count_reg[14]/C
High Pulse Width  Slow    FDRE/C   n/a            0.500         5.000       4.500      SLICE_X62Y25   cd/clkout_reg/C
High Pulse Width  Slow    FDRE/C   n/a            0.500         5.000       4.500      SLICE_X62Y25   cd/count_reg[0]/C
High Pulse Width  Slow    FDRE/C   n/a            0.500         5.000       4.500      SLICE_X62Y26   cd/count_reg[1]/C
High Pulse Width  Slow    FDRE/C   n/a            0.500         5.000       4.500      SLICE_X62Y26   cd/count_reg[2]/C
High Pulse Width  Slow    FDRE/C   n/a            0.500         5.000       4.500      SLICE_X62Y26   cd/count_reg[3]/C
High Pulse Width  Slow    FDRE/C   n/a            0.500         5.000       4.500      SLICE_X62Y26   cd/count_reg[4]/C
High Pulse Width  Slow    FDRE/C   n/a            0.500         5.000       4.500      SLICE_X62Y27   cd/count_reg[5]/C
High Pulse Width  Slow    FDRE/C   n/a            0.500         5.000       4.500      SLICE_X62Y27   cd/count_reg[6]/C
High Pulse Width  Slow    FDRE/C   n/a            0.500         5.000       4.500      SLICE_X62Y27   cd/count_reg[7]/C
High Pulse Width  Slow    FDRE/C   n/a            0.500         5.000       4.500      SLICE_X62Y27   cd/count_reg[8]/C



